Virtual User Script started at : 2017-04-06 16:34:47
Starting action vuser_init.
Web Turbo Replay of LoadRunner 11.0.0 for Windows 7; build 9409 (Jan 11 2012 11:34:16)  	[MsgId: MMSG-27143]
Run Mode: HTML  	[MsgId: MMSG-26000]
Run-Time Settings file: "C:\Users\Administrator\AppData\Local\Temp\noname6\\default.cfg"  	[MsgId: MMSG-27141]
Ending action vuser_init.
Running Vuser...
Starting iteration 1.
Starting action Action.
Action.c(4): web_add_cookie was successful  	[MsgId: MMSG-26392]
Action.c(6): web_add_cookie was successful  	[MsgId: MMSG-26392]
Action.c(8): web_add_cookie was successful  	[MsgId: MMSG-26392]
Action.c(10): web_add_cookie was successful  	[MsgId: MMSG-26392]
Action.c(12): web_add_cookie was successful  	[MsgId: MMSG-26392]
Action.c(14): web_add_cookie was successful  	[MsgId: MMSG-26392]
Action.c(16): web_add_cookie was successful  	[MsgId: MMSG-26392]
Action.c(18): web_add_cookie was successful  	[MsgId: MMSG-26392]
Action.c(22): Registering web_reg_save_param_ex was successful  	[MsgId: MMSG-26390]
Action.c(35): Registering web_reg_save_param_ex was successful  	[MsgId: MMSG-26390]
Action.c(45): Detected non-resource "http://localhost:1080/WebTours/header.html" in "http://localhost:1080/WebTours/"  	[MsgId: MMSG-26574]
Action.c(45): Detected non-resource "http://localhost:1080/WebTours/welcome.pl?signOff=true" in "http://localhost:1080/WebTours/"  	[MsgId: MMSG-26574]
Action.c(45): Downloading resource "http://s.pc.qq.com/navigate/adc/adc_loader.js?v=20160326171611" (specified by argument number 10)  	[MsgId: MMSG-26577]
Action.c(45): Downloading resource "http://s.pc.qq.com/navigate/adc/v3/engine_loader_v3.js" (specified by argument number 12)  	[MsgId: MMSG-26577]
Action.c(45): Downloading resource "http://s.pc.qq.com/navigate/adc/json2.js" (specified by argument number 14)  	[MsgId: MMSG-26577]
Action.c(45): Downloading resource "http://s.pc.qq.com/navigate/adc/jquery.min.js?ver=3" (specified by argument number 16)  	[MsgId: MMSG-26577]
Action.c(45): Downloading resource "http://c.gj.qq.com/fcgi-bin/microreport?gjguid=5dc8552377fffed4c9e553f9395a5e18&type=10&reserve1=2&bid=1&rand=0.9214218282663475&refer=http%3A%2F%2Flocalhost%3A1080%2FWebTours%2F&reserve3=348832" (specified by argument number 18)  	[MsgId: MMSG-26577]
Action.c(45): Downloading resource "http://s.pc.qq.com/navigate/adc/velocity.js" (specified by argument number 20)  	[MsgId: MMSG-26577]
Action.c(45): Found resource "http://localhost:1080/WebTours/images/hp_logo.png" in HTML "http://localhost:1080/WebTours/header.html"  	[MsgId: MMSG-26659]
Action.c(45): Found resource "http://localhost:1080/WebTours/images/webtours.png" in HTML "http://localhost:1080/WebTours/header.html"  	[MsgId: MMSG-26659]
Action.c(45): Detected non-resource "http://localhost:1080/WebTours/nav.pl?in=home" in "http://localhost:1080/WebTours/welcome.pl?signOff=true"  	[MsgId: MMSG-26574]
Action.c(45): Detected non-resource "http://localhost:1080/WebTours/home.html" in "http://localhost:1080/WebTours/welcome.pl?signOff=true"  	[MsgId: MMSG-26574]
Action.c(45): Found resource "http://localhost:1080/WebTours/JSFormSubmit.js" in HTML "http://localhost:1080/WebTours/nav.pl?in=home"  	[MsgId: MMSG-26659]
Action.c(45): Found resource "http://localhost:1080/WebTours/images/mer_login.gif" in HTML "http://localhost:1080/WebTours/nav.pl?in=home"  	[MsgId: MMSG-26659]
Action.c(45): web_url("WebTours") was successful, 110130 body bytes, 3987 header bytes  	[MsgId: MMSG-26386]
Action.c(64): web_submit_data("login.pl") was successful, 795 body bytes, 225 header bytes  	[MsgId: MMSG-26386]
Action.c(81): Detected non-resource "http://localhost:1080/WebTours/nav.pl?page=menu&in=flights" in "http://localhost:1080/WebTours/welcome.pl?page=search"  	[MsgId: MMSG-26574]
Action.c(81): Detected non-resource "http://localhost:1080/WebTours/reservations.pl?page=welcome" in "http://localhost:1080/WebTours/welcome.pl?page=search"  	[MsgId: MMSG-26574]
Action.c(81): Found resource "http://localhost:1080/WebTours/images/in_flights.gif" in HTML "http://localhost:1080/WebTours/nav.pl?page=menu&in=flights"  	[MsgId: MMSG-26659]
Action.c(81): Found resource "http://localhost:1080/WebTours/images/itinerary.gif" in HTML "http://localhost:1080/WebTours/nav.pl?page=menu&in=flights"  	[MsgId: MMSG-26659]
Action.c(81): Found resource "http://localhost:1080/WebTours/images/home.gif" in HTML "http://localhost:1080/WebTours/nav.pl?page=menu&in=flights"  	[MsgId: MMSG-26659]
Action.c(81): Found resource "http://localhost:1080/WebTours/images/signoff.gif" in HTML "http://localhost:1080/WebTours/nav.pl?page=menu&in=flights"  	[MsgId: MMSG-26659]
Action.c(81): Found resource "http://localhost:1080/WebTours/images/button_next.gif" in HTML "http://localhost:1080/WebTours/reservations.pl?page=welcome"  	[MsgId: MMSG-26659]
Action.c(81): web_url("Search Flights Button") was successful, 9844 body bytes, 1501 header bytes  	[MsgId: MMSG-26386]
Action.c(93): Resource "http://localhost:1080/WebTours/images/button_next.gif" is in the cache already and will not be downloaded again  	[MsgId: MMSG-26655]
Action.c(93): web_submit_data("reservations.pl") was successful, 2352 body bytes, 253 header bytes  	[MsgId: MMSG-26386]
Action.c(117): Resource "http://localhost:1080/WebTours/images/button_next.gif" is in the cache already and will not be downloaded again  	[MsgId: MMSG-26655]
Action.c(117): web_submit_data("reservations.pl_2") was successful, 2598 body bytes, 253 header bytes  	[MsgId: MMSG-26386]
Action.c(137): Found resource "http://localhost:1080/WebTours/images/bookanother.gif" in HTML "http://localhost:1080/WebTours/reservations.pl"  	[MsgId: MMSG-26659]
Action.c(137): web_submit_data("reservations.pl_3") was successful, 3223 body bytes, 450 header bytes  	[MsgId: MMSG-26386]
Action.c(166): Detected non-resource "http://localhost:1080/WebTours/nav.pl?in=home" in "http://localhost:1080/WebTours/welcome.pl?signOff=1"  	[MsgId: MMSG-26574]
Action.c(166): Detected non-resource "http://localhost:1080/WebTours/home.html" in "http://localhost:1080/WebTours/welcome.pl?signOff=1"  	[MsgId: MMSG-26574]
Action.c(166): Retrieving data from cache for "http://localhost:1080/WebTours/home.html"  	[MsgId: MMSG-26558]
Action.c(166): Resource "http://localhost:1080/WebTours/JSFormSubmit.js" is in the cache already and will not be downloaded again  	[MsgId: MMSG-26655]
Action.c(166): Resource "http://localhost:1080/WebTours/images/mer_login.gif" is in the cache already and will not be downloaded again  	[MsgId: MMSG-26655]
Action.c(166): web_url("SignOff Button") was successful, 2157 body bytes, 644 header bytes  	[MsgId: MMSG-26386]
Ending action Action.
Ending iteration 1.
Ending Vuser...
Starting action vuser_end.
Ending action vuser_end.
Vuser Terminated.
