[2017-04-05 08:56:31] Full Trace: CorrelationFramework has initialized log functionality successfully.
[2017-04-05 08:56:31] Full Trace: WebCorrelationScanner initialized
[2017-04-05 08:56:31] Full Trace: CorrelationFramework has initialized Snapshot Scanners successfully.
[2017-04-05 08:56:31] Full Trace: CorrelationFramework has initialized Post Filters Manager successfully.
[2017-04-05 08:59:50] Full Trace: WebCorrelationScanner.ScanStepForCorrelation(C:\Users\Administrator\lr\jiaoben2\data\t1.inf, C:\Users\Administrator\lr\jiaoben2\result1\Iteration1\t1.inf)
[2017-04-05 08:59:50] Full Trace: WebCorrelationScanner.CompareMatchedTasks(4, 1)
[2017-04-05 08:59:50] Full Trace: Starting comparison with 4 comparers
[2017-04-05 08:59:50] Full Trace: Comparing headers for tasks: 4 and 1
[2017-04-05 08:59:50] Full Trace: Comparing 5 headers
[2017-04-05 08:59:50] Full Trace: Ignoring header "Server"
[2017-04-05 08:59:50] Full Trace: Ignoring header "Date"
[2017-04-05 08:59:50] Full Trace: Ignoring header "Content-type"
[2017-04-05 08:59:50] Full Trace: Ignoring header "Content-length"
[2017-04-05 08:59:50] Full Trace: Ignoring header "Last-modified"
[2017-04-05 08:59:50] Full Trace: Found 0 text diffs in headers
[2017-04-05 08:59:50] Full Trace: The comparer HP.LoadRunner.CorrelationFramework.HttpHeadersComparer returned 0 diffs
[2017-04-05 08:59:50] Full Trace: Comparing cookies for tasks: 4 and 1
[2017-04-05 08:59:50] Full Trace: The comparer HP.LoadRunner.CorrelationFramework.CookiesComparer returned 0 diffs
[2017-04-05 08:59:50] Full Trace: The comparer HP.LoadRunner.CorrelationFramework.IrrelevantDataNullComparer returned 0 diffs
[2017-04-05 08:59:50] Full Trace: Comparing HTTP body for tasks: 4 and 1
[2017-04-05 08:59:50] Full Trace: GetCommonFormat() found common format "Raw"
[2017-04-05 08:59:50] Full Trace: Comparing HTTP body in format "Raw" as text
[2017-04-05 08:59:50] Full Trace: Starting to convert 0 text diffs to locators
[2017-04-05 08:59:50] Full Trace: Found 0 diffs in HTTP body
[2017-04-05 08:59:50] Full Trace: The comparer HP.LoadRunner.CorrelationFramework.HttpBodyComparer returned 0 diffs
[2017-04-05 08:59:50] Full Trace: WebCorrelationScanner.CompareMatchedTasks(5, 2)
[2017-04-05 08:59:50] Full Trace: Starting comparison with 4 comparers
[2017-04-05 08:59:50] Full Trace: Comparing headers for tasks: 5 and 2
[2017-04-05 08:59:50] Full Trace: Comparing 5 headers
[2017-04-05 08:59:50] Full Trace: Ignoring header "Server"
[2017-04-05 08:59:50] Full Trace: Ignoring header "Date"
[2017-04-05 08:59:50] Full Trace: Ignoring header "Content-type"
[2017-04-05 08:59:50] Full Trace: Ignoring header "Content-length"
[2017-04-05 08:59:50] Full Trace: Ignoring header "Last-modified"
[2017-04-05 08:59:50] Full Trace: Found 0 text diffs in headers
[2017-04-05 08:59:50] Full Trace: The comparer HP.LoadRunner.CorrelationFramework.HttpHeadersComparer returned 0 diffs
[2017-04-05 08:59:50] Full Trace: Comparing cookies for tasks: 5 and 2
[2017-04-05 08:59:50] Full Trace: The comparer HP.LoadRunner.CorrelationFramework.CookiesComparer returned 0 diffs
[2017-04-05 08:59:50] Full Trace: The comparer HP.LoadRunner.CorrelationFramework.IrrelevantDataNullComparer returned 0 diffs
[2017-04-05 08:59:50] Full Trace: Comparing HTTP body for tasks: 5 and 2
[2017-04-05 08:59:50] Full Trace: GetCommonFormat() found common format "Raw"
[2017-04-05 08:59:50] Full Trace: Comparing HTTP body in format "Raw" as text
[2017-04-05 08:59:50] Full Trace: Starting to convert 0 text diffs to locators
[2017-04-05 08:59:50] Full Trace: Found 0 diffs in HTTP body
[2017-04-05 08:59:50] Full Trace: The comparer HP.LoadRunner.CorrelationFramework.HttpBodyComparer returned 0 diffs
[2017-04-05 08:59:50] Full Trace: WebCorrelationScanner.CompareMatchedTasks(8, 4)
[2017-04-05 08:59:50] Full Trace: Starting comparison with 4 comparers
[2017-04-05 08:59:50] Full Trace: Comparing headers for tasks: 8 and 4
[2017-04-05 08:59:50] Full Trace: Comparing 5 headers
[2017-04-05 08:59:50] Full Trace: Ignoring header "Server"
[2017-04-05 08:59:50] Full Trace: Ignoring header "Date"
[2017-04-05 08:59:50] Full Trace: Ignoring header "Content-type"
[2017-04-05 08:59:50] Full Trace: Ignoring header "Content-length"
[2017-04-05 08:59:50] Full Trace: Ignoring header "Last-modified"
[2017-04-05 08:59:50] Full Trace: Found 0 text diffs in headers
[2017-04-05 08:59:50] Full Trace: The comparer HP.LoadRunner.CorrelationFramework.HttpHeadersComparer returned 0 diffs
[2017-04-05 08:59:50] Full Trace: Comparing cookies for tasks: 8 and 4
[2017-04-05 08:59:50] Full Trace: The comparer HP.LoadRunner.CorrelationFramework.CookiesComparer returned 0 diffs
[2017-04-05 08:59:50] Full Trace: The comparer HP.LoadRunner.CorrelationFramework.IrrelevantDataNullComparer returned 0 diffs
[2017-04-05 08:59:50] Full Trace: Comparing HTTP body for tasks: 8 and 4
[2017-04-05 08:59:50] Full Trace: GetCommonFormat() found common format "Raw"
[2017-04-05 08:59:50] Full Trace: Ignoring content type "image/png"
[2017-04-05 08:59:50] Full Trace: The comparer HP.LoadRunner.CorrelationFramework.HttpBodyComparer returned 0 diffs
[2017-04-05 08:59:50] Full Trace: WebCorrelationScanner.CompareMatchedTasks(13, 7)
[2017-04-05 08:59:50] Full Trace: Starting comparison with 4 comparers
[2017-04-05 08:59:50] Full Trace: Comparing headers for tasks: 13 and 7
[2017-04-05 08:59:50] Full Trace: Comparing 5 headers
[2017-04-05 08:59:50] Full Trace: Ignoring header "Server"
[2017-04-05 08:59:50] Full Trace: Ignoring header "Date"
[2017-04-05 08:59:50] Full Trace: Ignoring header "Content-type"
[2017-04-05 08:59:50] Full Trace: Ignoring header "Content-length"
[2017-04-05 08:59:50] Full Trace: Ignoring header "Last-modified"
[2017-04-05 08:59:50] Full Trace: Found 0 text diffs in headers
[2017-04-05 08:59:50] Full Trace: The comparer HP.LoadRunner.CorrelationFramework.HttpHeadersComparer returned 0 diffs
[2017-04-05 08:59:50] Full Trace: Comparing cookies for tasks: 13 and 7
[2017-04-05 08:59:50] Full Trace: The comparer HP.LoadRunner.CorrelationFramework.CookiesComparer returned 0 diffs
[2017-04-05 08:59:50] Full Trace: The comparer HP.LoadRunner.CorrelationFramework.IrrelevantDataNullComparer returned 0 diffs
[2017-04-05 08:59:50] Full Trace: Comparing HTTP body for tasks: 13 and 7
[2017-04-05 08:59:50] Full Trace: GetCommonFormat() found common format "Raw"
[2017-04-05 08:59:50] Full Trace: Comparing HTTP body in format "Raw" as text
[2017-04-05 08:59:50] Full Trace: Starting to convert 0 text diffs to locators
[2017-04-05 08:59:50] Full Trace: Found 0 diffs in HTTP body
[2017-04-05 08:59:50] Full Trace: The comparer HP.LoadRunner.CorrelationFramework.HttpBodyComparer returned 0 diffs
[2017-04-05 08:59:50] Full Trace: WebCorrelationScanner.CompareMatchedTasks(12, 5)
[2017-04-05 08:59:50] Full Trace: Starting comparison with 4 comparers
[2017-04-05 08:59:50] Full Trace: Comparing headers for tasks: 12 and 5
[2017-04-05 08:59:50] Full Trace: Comparing 5 headers
[2017-04-05 08:59:50] Full Trace: Ignoring header "Server"
[2017-04-05 08:59:50] Full Trace: Ignoring header "Date"
[2017-04-05 08:59:50] Full Trace: Ignoring header "Content-type"
[2017-04-05 08:59:50] Full Trace: Ignoring header "Content-length"
[2017-04-05 08:59:50] Full Trace: Ignoring header "Last-modified"
[2017-04-05 08:59:50] Full Trace: Found 0 text diffs in headers
[2017-04-05 08:59:50] Full Trace: The comparer HP.LoadRunner.CorrelationFramework.HttpHeadersComparer returned 0 diffs
[2017-04-05 08:59:50] Full Trace: Comparing cookies for tasks: 12 and 5
[2017-04-05 08:59:50] Full Trace: The comparer HP.LoadRunner.CorrelationFramework.CookiesComparer returned 0 diffs
[2017-04-05 08:59:50] Full Trace: The comparer HP.LoadRunner.CorrelationFramework.IrrelevantDataNullComparer returned 0 diffs
[2017-04-05 08:59:50] Full Trace: Comparing HTTP body for tasks: 12 and 5
[2017-04-05 08:59:50] Full Trace: GetCommonFormat() found common format "Raw"
[2017-04-05 08:59:50] Full Trace: Ignoring content type "image/png"
[2017-04-05 08:59:50] Full Trace: The comparer HP.LoadRunner.CorrelationFramework.HttpBodyComparer returned 0 diffs
[2017-04-05 08:59:50] Full Trace: WebCorrelationScanner.ScanStepForCorrelation(C:\Users\Administrator\lr\jiaoben2\data\t2.inf, C:\Users\Administrator\lr\jiaoben2\result1\Iteration1\t2.inf)
[2017-04-05 08:59:50] Full Trace: WebCorrelationScanner.CompareMatchedTasks(24, 10)
[2017-04-05 08:59:50] Full Trace: Starting comparison with 4 comparers
[2017-04-05 08:59:50] Full Trace: Comparing headers for tasks: 24 and 10
[2017-04-05 08:59:50] Full Trace: Comparing 7 headers
[2017-04-05 08:59:50] Full Trace: Ignoring header "Server"
[2017-04-05 08:59:50] Full Trace: Ignoring header "Date"
[2017-04-05 08:59:50] Full Trace: Ignoring header "Cache-control"
[2017-04-05 08:59:50] Full Trace: Ignoring header "Expires"
[2017-04-05 08:59:50] Full Trace: Ignoring header "Content-length"
[2017-04-05 08:59:50] Full Trace: Ignoring header "Content-type"
[2017-04-05 08:59:50] Full Trace: Ignoring header "Set-cookie"
[2017-04-05 08:59:50] Full Trace: Found 0 text diffs in headers
[2017-04-05 08:59:50] Full Trace: The comparer HP.LoadRunner.CorrelationFramework.HttpHeadersComparer returned 0 diffs
[2017-04-05 08:59:50] Full Trace: Comparing cookies for tasks: 24 and 10
[2017-04-05 08:59:50] Full Trace: The comparer HP.LoadRunner.CorrelationFramework.CookiesComparer returned 0 diffs
[2017-04-05 08:59:50] Full Trace: The comparer HP.LoadRunner.CorrelationFramework.IrrelevantDataNullComparer returned 0 diffs
[2017-04-05 08:59:50] Full Trace: Comparing HTTP body for tasks: 24 and 10
[2017-04-05 08:59:50] Full Trace: GetCommonFormat() found common format "Raw"
[2017-04-05 08:59:50] Full Trace: Comparing HTTP body in format "Raw" as text
[2017-04-05 08:59:50] Full Trace: Comparing tasks of size 419 bytes and 777 bytes has taken 0ms.
[2017-04-05 08:59:50] Full Trace: Starting to convert 13 text diffs to locators
[2017-04-05 08:59:51] Full Trace: Ignoring diff of length 1
[2017-04-05 08:59:51] Full Trace: Ignoring diff of length 1
[2017-04-05 08:59:51] Full Trace: Ignoring diff of length 1
[2017-04-05 08:59:51] Full Trace: Found 10 diffs in HTTP body
[2017-04-05 08:59:51] Full Trace: The comparer HP.LoadRunner.CorrelationFramework.HttpBodyComparer returned 10 diffs
[2017-04-05 08:59:51] Full Trace: WebCorrelationScanner.ScanStepForCorrelation(C:\Users\Administrator\lr\jiaoben2\data\t3.inf, )
[2017-04-05 08:59:51] Warning: Record or Replay snapshot missing, cannot scan
[2017-04-05 08:59:51] Error: Correlation Framework failed scanning step 'Image: SignOff Button' with 'WebCorrelationScanner' correlation scanner for correlations. Error Code: eCSEC_InternalError.
[2017-04-05 08:59:51] Notify: Applying Post Filters succeeded.
[2017-04-05 09:00:26] Full Trace: WebCorrelationScanner.ScanStepForCorrelation(C:\Users\Administrator\lr\jiaoben2\data\t1.inf, C:\Users\Administrator\lr\jiaoben2\result1\Iteration1\t1.inf)
[2017-04-05 09:00:26] Full Trace: WebCorrelationScanner.CompareMatchedTasks(4, 1)
[2017-04-05 09:00:26] Full Trace: Starting comparison with 4 comparers
[2017-04-05 09:00:26] Full Trace: Comparing headers for tasks: 4 and 1
[2017-04-05 09:00:26] Full Trace: Comparing 5 headers
[2017-04-05 09:00:26] Full Trace: Ignoring header "Server"
[2017-04-05 09:00:26] Full Trace: Ignoring header "Date"
[2017-04-05 09:00:26] Full Trace: Ignoring header "Content-type"
[2017-04-05 09:00:26] Full Trace: Ignoring header "Content-length"
[2017-04-05 09:00:26] Full Trace: Ignoring header "Last-modified"
[2017-04-05 09:00:26] Full Trace: Found 0 text diffs in headers
[2017-04-05 09:00:26] Full Trace: The comparer HP.LoadRunner.CorrelationFramework.HttpHeadersComparer returned 0 diffs
[2017-04-05 09:00:26] Full Trace: Comparing cookies for tasks: 4 and 1
[2017-04-05 09:00:26] Full Trace: The comparer HP.LoadRunner.CorrelationFramework.CookiesComparer returned 0 diffs
[2017-04-05 09:00:26] Full Trace: The comparer HP.LoadRunner.CorrelationFramework.IrrelevantDataNullComparer returned 0 diffs
[2017-04-05 09:00:26] Full Trace: Comparing HTTP body for tasks: 4 and 1
[2017-04-05 09:00:26] Full Trace: GetCommonFormat() found common format "Raw"
[2017-04-05 09:00:26] Full Trace: Comparing HTTP body in format "Raw" as text
[2017-04-05 09:00:26] Full Trace: Starting to convert 0 text diffs to locators
[2017-04-05 09:00:26] Full Trace: Found 0 diffs in HTTP body
[2017-04-05 09:00:26] Full Trace: The comparer HP.LoadRunner.CorrelationFramework.HttpBodyComparer returned 0 diffs
[2017-04-05 09:00:26] Full Trace: WebCorrelationScanner.CompareMatchedTasks(5, 2)
[2017-04-05 09:00:26] Full Trace: Starting comparison with 4 comparers
[2017-04-05 09:00:26] Full Trace: Comparing headers for tasks: 5 and 2
[2017-04-05 09:00:26] Full Trace: Comparing 5 headers
[2017-04-05 09:00:26] Full Trace: Ignoring header "Server"
[2017-04-05 09:00:26] Full Trace: Ignoring header "Date"
[2017-04-05 09:00:26] Full Trace: Ignoring header "Content-type"
[2017-04-05 09:00:26] Full Trace: Ignoring header "Content-length"
[2017-04-05 09:00:26] Full Trace: Ignoring header "Last-modified"
[2017-04-05 09:00:26] Full Trace: Found 0 text diffs in headers
[2017-04-05 09:00:26] Full Trace: The comparer HP.LoadRunner.CorrelationFramework.HttpHeadersComparer returned 0 diffs
[2017-04-05 09:00:26] Full Trace: Comparing cookies for tasks: 5 and 2
[2017-04-05 09:00:26] Full Trace: The comparer HP.LoadRunner.CorrelationFramework.CookiesComparer returned 0 diffs
[2017-04-05 09:00:26] Full Trace: The comparer HP.LoadRunner.CorrelationFramework.IrrelevantDataNullComparer returned 0 diffs
[2017-04-05 09:00:26] Full Trace: Comparing HTTP body for tasks: 5 and 2
[2017-04-05 09:00:26] Full Trace: GetCommonFormat() found common format "Raw"
[2017-04-05 09:00:26] Full Trace: Comparing HTTP body in format "Raw" as text
[2017-04-05 09:00:26] Full Trace: Starting to convert 0 text diffs to locators
[2017-04-05 09:00:26] Full Trace: Found 0 diffs in HTTP body
[2017-04-05 09:00:26] Full Trace: The comparer HP.LoadRunner.CorrelationFramework.HttpBodyComparer returned 0 diffs
[2017-04-05 09:00:26] Full Trace: WebCorrelationScanner.CompareMatchedTasks(8, 4)
[2017-04-05 09:00:26] Full Trace: Starting comparison with 4 comparers
[2017-04-05 09:00:26] Full Trace: Comparing headers for tasks: 8 and 4
[2017-04-05 09:00:26] Full Trace: Comparing 5 headers
[2017-04-05 09:00:26] Full Trace: Ignoring header "Server"
[2017-04-05 09:00:26] Full Trace: Ignoring header "Date"
[2017-04-05 09:00:26] Full Trace: Ignoring header "Content-type"
[2017-04-05 09:00:26] Full Trace: Ignoring header "Content-length"
[2017-04-05 09:00:26] Full Trace: Ignoring header "Last-modified"
[2017-04-05 09:00:26] Full Trace: Found 0 text diffs in headers
[2017-04-05 09:00:26] Full Trace: The comparer HP.LoadRunner.CorrelationFramework.HttpHeadersComparer returned 0 diffs
[2017-04-05 09:00:26] Full Trace: Comparing cookies for tasks: 8 and 4
[2017-04-05 09:00:26] Full Trace: The comparer HP.LoadRunner.CorrelationFramework.CookiesComparer returned 0 diffs
[2017-04-05 09:00:26] Full Trace: The comparer HP.LoadRunner.CorrelationFramework.IrrelevantDataNullComparer returned 0 diffs
[2017-04-05 09:00:26] Full Trace: Comparing HTTP body for tasks: 8 and 4
[2017-04-05 09:00:26] Full Trace: GetCommonFormat() found common format "Raw"
[2017-04-05 09:00:26] Full Trace: Ignoring content type "image/png"
[2017-04-05 09:00:26] Full Trace: The comparer HP.LoadRunner.CorrelationFramework.HttpBodyComparer returned 0 diffs
[2017-04-05 09:00:26] Full Trace: WebCorrelationScanner.CompareMatchedTasks(13, 7)
[2017-04-05 09:00:26] Full Trace: Starting comparison with 4 comparers
[2017-04-05 09:00:26] Full Trace: Comparing headers for tasks: 13 and 7
[2017-04-05 09:00:26] Full Trace: Comparing 5 headers
[2017-04-05 09:00:26] Full Trace: Ignoring header "Server"
[2017-04-05 09:00:26] Full Trace: Ignoring header "Date"
[2017-04-05 09:00:26] Full Trace: Ignoring header "Content-type"
[2017-04-05 09:00:26] Full Trace: Ignoring header "Content-length"
[2017-04-05 09:00:26] Full Trace: Ignoring header "Last-modified"
[2017-04-05 09:00:26] Full Trace: Found 0 text diffs in headers
[2017-04-05 09:00:26] Full Trace: The comparer HP.LoadRunner.CorrelationFramework.HttpHeadersComparer returned 0 diffs
[2017-04-05 09:00:26] Full Trace: Comparing cookies for tasks: 13 and 7
[2017-04-05 09:00:26] Full Trace: The comparer HP.LoadRunner.CorrelationFramework.CookiesComparer returned 0 diffs
[2017-04-05 09:00:26] Full Trace: The comparer HP.LoadRunner.CorrelationFramework.IrrelevantDataNullComparer returned 0 diffs
[2017-04-05 09:00:26] Full Trace: Comparing HTTP body for tasks: 13 and 7
[2017-04-05 09:00:26] Full Trace: GetCommonFormat() found common format "Raw"
[2017-04-05 09:00:26] Full Trace: Comparing HTTP body in format "Raw" as text
[2017-04-05 09:00:26] Full Trace: Starting to convert 0 text diffs to locators
[2017-04-05 09:00:26] Full Trace: Found 0 diffs in HTTP body
[2017-04-05 09:00:26] Full Trace: The comparer HP.LoadRunner.CorrelationFramework.HttpBodyComparer returned 0 diffs
[2017-04-05 09:00:26] Full Trace: WebCorrelationScanner.CompareMatchedTasks(12, 5)
[2017-04-05 09:00:26] Full Trace: Starting comparison with 4 comparers
[2017-04-05 09:00:26] Full Trace: Comparing headers for tasks: 12 and 5
[2017-04-05 09:00:26] Full Trace: Comparing 5 headers
[2017-04-05 09:00:26] Full Trace: Ignoring header "Server"
[2017-04-05 09:00:26] Full Trace: Ignoring header "Date"
[2017-04-05 09:00:26] Full Trace: Ignoring header "Content-type"
[2017-04-05 09:00:26] Full Trace: Ignoring header "Content-length"
[2017-04-05 09:00:26] Full Trace: Ignoring header "Last-modified"
[2017-04-05 09:00:26] Full Trace: Found 0 text diffs in headers
[2017-04-05 09:00:26] Full Trace: The comparer HP.LoadRunner.CorrelationFramework.HttpHeadersComparer returned 0 diffs
[2017-04-05 09:00:26] Full Trace: Comparing cookies for tasks: 12 and 5
[2017-04-05 09:00:26] Full Trace: The comparer HP.LoadRunner.CorrelationFramework.CookiesComparer returned 0 diffs
[2017-04-05 09:00:26] Full Trace: The comparer HP.LoadRunner.CorrelationFramework.IrrelevantDataNullComparer returned 0 diffs
[2017-04-05 09:00:26] Full Trace: Comparing HTTP body for tasks: 12 and 5
[2017-04-05 09:00:26] Full Trace: GetCommonFormat() found common format "Raw"
[2017-04-05 09:00:26] Full Trace: Ignoring content type "image/png"
[2017-04-05 09:00:26] Full Trace: The comparer HP.LoadRunner.CorrelationFramework.HttpBodyComparer returned 0 diffs
[2017-04-05 09:00:26] Full Trace: WebCorrelationScanner.ScanStepForCorrelation(C:\Users\Administrator\lr\jiaoben2\data\t2.inf, C:\Users\Administrator\lr\jiaoben2\result1\Iteration1\t2.inf)
[2017-04-05 09:00:26] Full Trace: WebCorrelationScanner.CompareMatchedTasks(24, 10)
[2017-04-05 09:00:26] Full Trace: Starting comparison with 4 comparers
[2017-04-05 09:00:26] Full Trace: Comparing headers for tasks: 24 and 10
[2017-04-05 09:00:26] Full Trace: Comparing 7 headers
[2017-04-05 09:00:26] Full Trace: Ignoring header "Server"
[2017-04-05 09:00:26] Full Trace: Ignoring header "Date"
[2017-04-05 09:00:26] Full Trace: Ignoring header "Cache-control"
[2017-04-05 09:00:26] Full Trace: Ignoring header "Expires"
[2017-04-05 09:00:26] Full Trace: Ignoring header "Content-length"
[2017-04-05 09:00:26] Full Trace: Ignoring header "Content-type"
[2017-04-05 09:00:26] Full Trace: Ignoring header "Set-cookie"
[2017-04-05 09:00:26] Full Trace: Found 0 text diffs in headers
[2017-04-05 09:00:26] Full Trace: The comparer HP.LoadRunner.CorrelationFramework.HttpHeadersComparer returned 0 diffs
[2017-04-05 09:00:26] Full Trace: Comparing cookies for tasks: 24 and 10
[2017-04-05 09:00:26] Full Trace: The comparer HP.LoadRunner.CorrelationFramework.CookiesComparer returned 0 diffs
[2017-04-05 09:00:26] Full Trace: The comparer HP.LoadRunner.CorrelationFramework.IrrelevantDataNullComparer returned 0 diffs
[2017-04-05 09:00:26] Full Trace: Comparing HTTP body for tasks: 24 and 10
[2017-04-05 09:00:26] Full Trace: GetCommonFormat() found common format "Raw"
[2017-04-05 09:00:26] Full Trace: Comparing HTTP body in format "Raw" as text
[2017-04-05 09:00:26] Full Trace: Comparing tasks of size 419 bytes and 777 bytes has taken 15ms.
[2017-04-05 09:00:26] Full Trace: Starting to convert 13 text diffs to locators
[2017-04-05 09:00:26] Full Trace: Ignoring diff of length 1
[2017-04-05 09:00:26] Full Trace: Ignoring diff of length 1
[2017-04-05 09:00:26] Full Trace: Ignoring diff of length 1
[2017-04-05 09:00:26] Full Trace: Found 10 diffs in HTTP body
[2017-04-05 09:00:26] Full Trace: The comparer HP.LoadRunner.CorrelationFramework.HttpBodyComparer returned 10 diffs
[2017-04-05 09:00:26] Full Trace: WebCorrelationScanner.ScanStepForCorrelation(C:\Users\Administrator\lr\jiaoben2\data\t3.inf, )
[2017-04-05 09:00:26] Warning: Record or Replay snapshot missing, cannot scan
[2017-04-05 09:00:26] Error: Correlation Framework failed scanning step 'Image: SignOff Button' with 'WebCorrelationScanner' correlation scanner for correlations. Error Code: eCSEC_InternalError.
[2017-04-05 09:00:26] Notify: Applying Post Filters succeeded.
