Action.c(28):     \tTD {font-family: tahoma; font-size : 10pt; color: black}\n
Action.c(28):     </style>\n
Action.c(28):     <body bgcolor=#e0e7f1>\n
Action.c(28):     <BR>\n
Action.c(28):     <BR>\n
Action.c(28):     <BR>\n
Action.c(28):     <br >\n
Action.c(28):     <table border=0>\n
Action.c(28):     <tr><td></td></tr>\n
Action.c(28):     <TR><TD></TD></TR>\n
Action.c(28):     <TR><TD>\n
Action.c(28):     <blockquote>\n
Action.c(28):     <H1><b>Web Tours</b></H1>\n
Action.c(28):     Welcome to the Web Tours site.\n
Action.c(28):     <br>\n
Action.c(28):     To make reservations,please enter your account information to the left.\n
Action.c(28):     <br>\n
Action.c(28):     If you haven't registered yet, <A href="login.pl?username=&amp;password=&amp;getInfo=true"
Action.c(28):      ><B>sign up now</B></A> to get access to all our resources.\n
Action.c(28):     <br>\n
Action.c(28):     To configure the server options, use <A href="admin.pl" target=body ><b>administration</b>
Action.c(28):     </A> link.\n
Action.c(28):     <br><br><br><br><br><br>\n
Action.c(28):     <br><small>\n
Action.c(28): Conversion from "utf-8" (code page 65001, preferred charset=utf-8, Unicode converter name="utf-8") will be performed for response of URL="http://192.168.42.4:1080/WebTours/home.html"  	[MsgId: MMSG-35184]
Action.c(28): t=321790ms: 1322-byte response body for "http://192.168.42.4:1080/WebTours/home.html" (RelFrameId=1.2.2, Internal ID=949)
Action.c(28):     <HTML>\n
Action.c(28):     <HEAD>\n
Action.c(28):     \t<title>Web Tours</title>\n
Action.c(28):     </head>\n
Action.c(28):     <style>\n
Action.c(28):     \tblockquote {font-family: tahoma; font-size : 10pt}\n
Action.c(28):     \tH1 {font-family: tahoma; font-size : 22pt; color: #003366}\n
Action.c(28):     \tsmall {font-family: tahoma; font-size : 8pt}\n
Action.c(28):     \tH3{font-family: tahoma; font-size : 10pt; color: black}\n
Action.c(28):     \tA {FONT-WEIGHT: bold; FONT-SIZE: 10pt; COLOR: black; FONT-FAMILY: Tahoma; TEXT-DECORATIO
Action.c(28):     N: none}\n
Action.c(28):     \tA:hover{ FONT-WEIGHT: bold; FONT-SIZE: 10pt; COLOR: #993333; FONT-FAMILY: Tahoma;TEXT-DE
Action.c(28):     CORATION: underline}\n
Action.c(28):     \tTD {font-family: tahoma; font-size : 10pt; color: black}\n
Action.c(28):     </style>\n
Action.c(28):     <body bgcolor=#e0e7f1>\n
Action.c(28):     <BR>\n
Action.c(28):     <BR>\n
Action.c(28):     <BR>\n
Action.c(28):     <br >\n
Action.c(28):     <table border=0>\n
Action.c(28):     <tr><td></td></tr>\n
Action.c(28):     <TR><TD></TD></TR>\n
Action.c(28):     <TR><TD>\n
Action.c(28):     <blockquote>\n
Action.c(28):     <H1><b>Web Tours</b></H1>\n
Action.c(28):     Welcome to the Web Tours site.\n
Action.c(28):     <br>\n
Action.c(28):     To make reservations,please enter your account information to the left.\n
Action.c(28):     <br>\n
Action.c(28):     If you haven't registered yet, <A href="login.pl?username=&amp;password=&amp;getInfo=true"
Action.c(28):      ><B>sign up now</B></A> to get access to all our resources.\n
Action.c(28):     <br>\n
Action.c(28):     To configure the server options, use <A href="admin.pl" target=body ><b>administration</b>
Action.c(28):     </A> link.\n
Action.c(28):     <br><br><br><br><br><br>\n
Action.c(28):     <br><small>\n
Action.c(28):     This product uses parts of the SMT Kernel, Copyright (c) 1991-99 <A href="http://www.imati
Action.c(28):     x.com" target=new><B><small>iMatix Corporation</small></B></A> \n
Action.c(28):     </small>\n
Action.c(28):     </blockquote></TD>\n
Action.c(28):     <TD></TD></TR>\n
Action.c(28):     </table>\n
Action.c(28):     This product uses parts of the SMT Kernel, Copyright (c) 1991-99 <A href="http://www.imati
Action.c(28):     </body>\n
Action.c(28):     </html>\n
Action.c(28):     x.com" target=new><B><small>iMatix Corporation</small></B></A> \n
Action.c(28): t=321792ms: Request done "http://192.168.42.4:1080/WebTours/home.html"  	[MsgId: MMSG-26000]
Action.c(28):     </small>\n
Action.c(28): Search registration for "CorrelationParameter_1" parameter is filtered by "Request URL"  	[MsgId: MMSG-26000]
Action.c(28):     </blockquote></TD>\n
Action.c(28):     <TD></TD></TR>\n
Action.c(28):     </table>\n
Action.c(28):     </body>\n
Action.c(28):     </html>\n
Action.c(28): Search registration for "CorrelationParameter_2" parameter is filtered by "Request URL"  	[MsgId: MMSG-26000]
Action.c(28): t=321792ms: Request done "http://192.168.42.4:1080/WebTours/home.html"  	[MsgId: MMSG-26000]
Action.c(28): Search registration for "CorrelationParameter_1" parameter is filtered by "Request URL"  	[MsgId: MMSG-26000]
Action.c(28): Search registration for "CorrelationParameter_2" parameter is filtered by "Request URL"  	[MsgId: MMSG-26000]
Action.c(28): t=321792ms: 165-byte response headers for "http://192.168.42.4:1080/WebTours/home.html" (RelFrameId=1.2.2, Internal ID=971)
Action.c(28):     HTTP/1.1 200 Ok\r\n
Action.c(28):     Server: Xitami\r\n
Action.c(28):     Date: Mon, 17 Apr 2017 07:12:02 GMT\r\n
Action.c(28):     Content-type: text/html\r\n
Action.c(28):     Content-length: 1322\r\n
Action.c(28):     Last-modified: Tue, 08 May 2007 15:40:23 GMT\r\n
Action.c(28):     \r\n
Action.c(28): Conversion from "utf-8" (code page 65001, preferred charset=utf-8, Unicode converter name="utf-8") will be performed for response of URL="http://192.168.42.4:1080/WebTours/home.html"  	[MsgId: MMSG-35184]
Action.c(28): t=321798ms: 1322-byte response body for "http://192.168.42.4:1080/WebTours/home.html" (RelFrameId=1.2.2, Internal ID=971)
Action.c(28):     <HTML>\n
Action.c(28):     <HEAD>\n
Action.c(28):     \t<title>Web Tours</title>\n
Action.c(28):     </head>\n
Action.c(28):     <style>\n
Action.c(28):     \tblockquote {font-family: tahoma; font-size : 10pt}\n
Action.c(28):     \tH1 {font-family: tahoma; font-size : 22pt; color: #003366}\n
Action.c(28):     \tsmall {font-family: tahoma; font-size : 8pt}\n
Action.c(28):     \tH3{font-family: tahoma; font-size : 10pt; color: black}\n
Action.c(28):     \tA {FONT-WEIGHT: bold; FONT-SIZE: 10pt; COLOR: black; FONT-FAMILY: Tahoma; TEXT-DECORATIO
Action.c(28):     N: none}\n
Action.c(28):     \tA:hover{ FONT-WEIGHT: bold; FONT-SIZE: 10pt; COLOR: #993333; FONT-FAMILY: Tahoma;TEXT-DE
Action.c(28):     CORATION: underline}\n
Action.c(28):     \tTD {font-family: tahoma; font-size : 10pt; color: black}\n
Action.c(28):     </style>\n
Action.c(28):     <body bgcolor=#e0e7f1>\n
Action.c(28):     <BR>\n
Action.c(28):     <BR>\n
Action.c(28):     <BR>\n
Action.c(28):     <br >\n
Action.c(28):     <table border=0>\n
Action.c(28):     <tr><td></td></tr>\n
Action.c(28):     <TR><TD></TD></TR>\n
Action.c(28):     <TR><TD>\n
Action.c(28):     <blockquote>\n
Action.c(28):     <H1><b>Web Tours</b></H1>\n
Action.c(28):     Welcome to the Web Tours site.\n
Action.c(28):     <br>\n
Action.c(28):     To make reservations,please enter your account information to the left.\n
Action.c(28):     <br>\n
Action.c(28):     If you haven't registered yet, <A href="login.pl?username=&amp;password=&amp;getInfo=true"
Action.c(28):      ><B>sign up now</B></A> to get access to all our resources.\n
Action.c(28):     <br>\n
Action.c(28):     To configure the server options, use <A href="admin.pl" target=body ><b>administration</b>
Action.c(28):     </A> link.\n
Action.c(28):     <br><br><br><br><br><br>\n
Action.c(28):     <br><small>\n
Action.c(28):     This product uses parts of the SMT Kernel, Copyright (c) 1991-99 <A href="http://www.imati
Action.c(28):     x.com" target=new><B><small>iMatix Corporation</small></B></A> \n
Action.c(28):     </small>\n
Action.c(28):     </blockquote></TD>\n
Action.c(28):     <TD></TD></TR>\n
Action.c(28):     </table>\n
Action.c(28):     </body>\n
Action.c(28):     </html>\n
Action.c(28): t=321801ms: Request done "http://192.168.42.4:1080/WebTours/home.html"  	[MsgId: MMSG-26000]
Action.c(28): Search registration for "CorrelationParameter_1" parameter is filtered by "Request URL"  	[MsgId: MMSG-26000]
Action.c(28): Search registration for "CorrelationParameter_2" parameter is filtered by "Request URL"  	[MsgId: MMSG-26000]
Action.c(28): t=321801ms: 164-byte response headers for "http://192.168.42.4:1080/WebTours/images/mer_login.gif" (RelFrameId=, Internal ID=930)
Action.c(28):     HTTP/1.1 200 Ok\r\n
Action.c(28):     Server: Xitami\r\n
Action.c(28):     Date: Mon, 17 Apr 2017 07:12:02 GMT\r\n
Action.c(28):     Content-type: image/gif\r\n
Action.c(28):     Content-length: 679\r\n
Action.c(28):     Last-modified: Mon, 08 Feb 2010 11:51:43 GMT\r\n
Action.c(28):     \r\n
Action.c(28): t=321801ms: 679-byte response body for "http://192.168.42.4:1080/WebTours/images/mer_login.gif" (RelFrameId=, Internal ID=930)
Action.c(28): t=321801ms: Request done "http://192.168.42.4:1080/WebTours/images/mer_login.gif"  	[MsgId: MMSG-26000]
Action.c(28): Search registration for "CorrelationParameter_1" parameter is filtered by "Request URL"  	[MsgId: MMSG-26000]
Action.c(28): Notify: Saving Parameter "CorrelationParameter_1 = ".	[MsgId: MMSG-13798]
Action.c(28): Error -35061: No match found for the requested parameter "CorrelationParameter_1". Check whether the requested boundaries exist in the response data. Also, if the data you want to save exceeds 256 bytes, use web_set_max_html_param_len to increase the parameter size  	[MsgId: MERR-35061]
Action.c(28): web_url("WebTours") highest severity level was "ERROR", 6449 body bytes, 1562 header bytes  	[MsgId: MMSG-26388]
Ending action Action.	[MsgId: MMSG-15918]
Action was aborted.	[MsgId: MMSG-10694]
Ending Vuser...	[MsgId: MMSG-15966]
Starting action vuser_end.	[MsgId: MMSG-15919]
Ending action vuser_end.	[MsgId: MMSG-15918]
Vuser Terminated.	[MsgId: MMSG-15963]
Action.c(28): t=321802ms: Closed connection [0] to 192.168.42.4:1080 after completing 5 requests  	[MsgId: MMSG-26000]
Action.c(28): t=321802ms: Closed connection [1] to 192.168.42.4:1080 after completing 3 requests  	[MsgId: MMSG-26000]
HTML-Mode memory management statistics: Reusable=6, NonReusable=0, CsMemBlockSize=4096, checks disabled  	[MsgId: MMSG-26000]
Vuser 6 (thread 8280), ended OK."	[MsgId: MMSG-10695]
Action.c(28): t=322004ms: 253-byte response headers for "http://192.168.42.4:1080/WebTours/nav.pl?in=home" (RelFrameId=1.2.1, Internal ID=948)
Action.c(28): t=322004ms: 253-byte response headers for "http://192.168.42.4:1080/WebTours/nav.pl?in=home" (RelFrameId=1.2.1, Internal ID=1002)
Action.c(28):     HTTP/1.1 200 Ok\r\n
Action.c(28): t=322004ms: 253-byte response headers for "http://192.168.42.4:1080/WebTours/nav.pl?in=home" (RelFrameId=1.2.1, Internal ID=970)
Action.c(28):     Server: Xitami\r\n
Action.c(28):     HTTP/1.1 200 Ok\r\n
Action.c(28):     HTTP/1.1 200 Ok\r\n
Action.c(28):     Date: Mon, 17 Apr 2017 07:12:02 GMT\r\n
Action.c(28):     Server: Xitami\r\n
Action.c(28):     Server: Xitami\r\n
Action.c(28):     Cache-control: no-cache\r\n
Action.c(28):     Date: Mon, 17 Apr 2017 07:12:02 GMT\r\n
Action.c(28):     Date: Mon, 17 Apr 2017 07:12:02 GMT\r\n
Action.c(28):     Expires: 0\r\n
Action.c(28):     Cache-control: no-cache\r\n
Action.c(28):     Cache-control: no-cache\r\n
Action.c(28):     Content-length: 1394\r\n
Action.c(28):     Expires: 0\r\n
Action.c(28):     Expires: 0\r\n
Action.c(28):     Content-type: text/html; charset=ISO-8859-1\r\n
Action.c(28):     Content-length: 1394\r\n
Action.c(28):     Content-length: 1394\r\n
Action.c(28):     Date: Mon, 17 Apr 2017 07:12:02 GMT\r\n
Action.c(28):     Content-type: text/html; charset=ISO-8859-1\r\n
Action.c(28):     Content-type: text/html; charset=ISO-8859-1\r\n
Action.c(28):     Expires: Sun, 16 Apr 2017 07:12:02 GMT\r\n
Action.c(28):     Date: Mon, 17 Apr 2017 07:12:02 GMT\r\n
Action.c(28):     Date: Mon, 17 Apr 2017 07:12:02 GMT\r\n
Action.c(28):     \r\n
Action.c(28):     Expires: Sun, 16 Apr 2017 07:12:02 GMT\r\n
Action.c(28):     Expires: Sun, 16 Apr 2017 07:12:02 GMT\r\n
Action.c(28):     \r\n
Action.c(28): Conversion from "utf-8" (code page 65001, preferred charset=utf-8, Unicode converter name="utf-8") will be performed for response of URL="http://192.168.42.4:1080/WebTours/nav.pl?in=home"  	[MsgId: MMSG-35184]
Action.c(28):     \r\n
Action.c(28): Conversion from "utf-8" (code page 65001, preferred charset=utf-8, Unicode converter name="utf-8") will be performed for response of URL="http://192.168.42.4:1080/WebTours/nav.pl?in=home"  	[MsgId: MMSG-35184]
Action.c(28): t=322005ms: 1394-byte response body for "http://192.168.42.4:1080/WebTours/nav.pl?in=home" (RelFrameId=1.2.1, Internal ID=948)
Action.c(28): Conversion from "utf-8" (code page 65001, preferred charset=utf-8, Unicode converter name="utf-8") will be performed for response of URL="http://192.168.42.4:1080/WebTours/nav.pl?in=home"  	[MsgId: MMSG-35184]
Action.c(28):     <!DOCTYPE html\n
Action.c(28): t=322005ms: 1394-byte response body for "http://192.168.42.4:1080/WebTours/nav.pl?in=home" (RelFrameId=1.2.1, Internal ID=970)
Action.c(28):     \tPUBLIC "-//W3C//DTD XHTML 1.0 Transitional//EN"\n
Action.c(28):     <!DOCTYPE html\n
Action.c(28):     \t "http://www.w3.org/TR/xhtml1/DTD/xhtml1-transitional.dtd">\n
Action.c(28): t=322005ms: 1394-byte response body for "http://192.168.42.4:1080/WebTours/nav.pl?in=home" (RelFrameId=1.2.1, Internal ID=1002)
Action.c(28):     \tPUBLIC "-//W3C//DTD XHTML 1.0 Transitional//EN"\n
Action.c(28):     <html xmlns="http://www.w3.org/1999/xhtml" lang="en-US" xml:lang="en-US">\n
Action.c(28):     <!DOCTYPE html\n
Action.c(28):     \t "http://www.w3.org/TR/xhtml1/DTD/xhtml1-transitional.dtd">\n
Action.c(28):     <head>\n
Action.c(28):     \tPUBLIC "-//W3C//DTD XHTML 1.0 Transitional//EN"\n
Action.c(28):     <html xmlns="http://www.w3.org/1999/xhtml" lang="en-US" xml:lang="en-US">\n
Action.c(28):     <title>Web Tours Navigation Bar</title>\n
Action.c(28):     \t "http://www.w3.org/TR/xhtml1/DTD/xhtml1-transitional.dtd">\n
Action.c(28):     <meta http-equiv="Content-Type" content="text/html; charset=iso-8859-1" />\n
Action.c(28):     <head>\n
Action.c(28):     <html xmlns="http://www.w3.org/1999/xhtml" lang="en-US" xml:lang="en-US">\n
Action.c(28):     </head>\n
Action.c(28):     <title>Web Tours Navigation Bar</title>\n
Action.c(28):     <head>\n
Action.c(28):     <body bgcolor="#E0E7F1">\n
Action.c(28):     <meta http-equiv="Content-Type" content="text/html; charset=iso-8859-1" />\n
Action.c(28):     <title>Web Tours Navigation Bar</title>\n
Action.c(28):     <style>\n
Action.c(28):     </head>\n
Action.c(28):     <meta http-equiv="Content-Type" content="text/html; charset=iso-8859-1" />\n
Action.c(28):     <body bgcolor="#E0E7F1">\n
Action.c(28):     blockquote {font-family: tahoma; font-size : 10pt}\n
Action.c(28):     </head>\n
Action.c(28):     <style>\n
Action.c(28):     H1 {font-family: tahoma; font-size : 22pt; color: #993333}\n
Action.c(28):     blockquote {font-family: tahoma; font-size : 10pt}\n
Action.c(28):     <body bgcolor="#E0E7F1">\n
Action.c(28):     H3 {font-family: tahoma; font-size : 10pt; color: black}\n
Action.c(28):     H1 {font-family: tahoma; font-size : 22pt; color: #993333}\n
Action.c(28):     <style>\n
Action.c(28):     small {font-family: tahoma; font-size : 8pt}\n
Action.c(28):     H3 {font-family: tahoma; font-size : 10pt; color: black}\n
Action.c(28):     blockquote {font-family: tahoma; font-size : 10pt}\n
Action.c(28):     </style>\n
Action.c(28):     small {font-family: tahoma; font-size : 8pt}\n
Action.c(28):     <form method=post action=login.pl target=body>\n
Action.c(28):     H1 {font-family: tahoma; font-size : 22pt; color: #993333}\n
Action.c(28):     </style>\n
Action.c(28):     <input type=hidden name=userSession value=120892.111948157zcViDiipAAiDDDDDDHDVApDciAf>\n
Action.c(28):     <form method=post action=login.pl target=body>\n
Action.c(28):     <table border=0><tr><td>&nbsp;</td>\n
Action.c(28):     H3 {font-family: tahoma; font-size : 10pt; color: black}\n
Action.c(28):     <td>&nbsp;</td>\n
Action.c(28):     <input type=hidden name=userSession value=120892.111948157zcViDiipAAiDDDDDDHDVApDciAf>\n
Action.c(28):     small {font-family: tahoma; font-size : 8pt}\n
Action.c(28):     <tr><td>&nbsp;</td>\n
Action.c(28):     <table border=0><tr><td>&nbsp;</td>\n
Action.c(28):     </style>\n
Action.c(28):     <td>&nbsp;</td></tr>\n
Action.c(28):     <td>&nbsp;</td>\n
Action.c(28):     <form method=post action=login.pl target=body>\n
Action.c(28):     <tr><td>&nbsp;</td>\n
Action.c(28):     <tr><td>&nbsp;</td>\n
Action.c(28):     <input type=hidden name=userSession value=120892.111948157zcViDiipAAiDDDDDDHDVApDciAf>\n
Action.c(28):     <td><small>&nbsp;Username</small></td></tr>\n
Action.c(28):     <td>&nbsp;</td></tr>\n
Action.c(28):     <table border=0><tr><td>&nbsp;</td>\n
Action.c(28):     <tr><td>&nbsp;</td>\n
Action.c(28):     <tr><td>&nbsp;</td>\n
Action.c(28):     <td><input type=text name=username value='' size=14 maxlength=14></td></tr>\n
Action.c(28):     <td><small>&nbsp;Username</small></td></tr>\n
Action.c(28):     <tr><td>&nbsp;</td>\n
Action.c(28):     <td>&nbsp;</td>\n
Action.c(28):     <tr><td>&nbsp;</td>\n
Action.c(28):     <td><small>&nbsp;Password</small></td>\n
Action.c(28):     <tr><td>&nbsp;</td>\n
Action.c(28):     <td><input type=text name=username value='' size=14 maxlength=14></td></tr>\n
Action.c(28):     <tr><td>&nbsp;</td>\n
Action.c(28):     <td>&nbsp;</td></tr>\n
Action.c(28):     <tr><td>&nbsp;</td>\n
Action.c(28):     <td><input type=password name=password value='' size=14 maxlength=14></td></tr>\n
Action.c(28):     <tr><td>&nbsp;</td>\n
Action.c(28):     <td><small>&nbsp;Password</small></td>\n
Action.c(28):     <td><small>&nbsp;Username</small></td></tr>\n
Action.c(28):     <tr><td>&nbsp;</td>\n
Action.c(28):     <tr><td>&nbsp;</td>\n
Action.c(28):     <tr><td>&nbsp;</td>\n
Action.c(28):     <td>&nbsp;<tr><td>\n
Action.c(28):     <td><input type=password name=password value='' size=14 maxlength=14></td></tr>\n
Action.c(28):     <td><input type=text name=username value='' size=14 maxlength=14></td></tr>\n
Action.c(28):     <tr><td>&nbsp;</td>\n
Action.c(28):     <tr><td>&nbsp;</td>\n
Action.c(28):     <td><input type=image name=login value=Login alt=Login border=1 \n
Action.c(28):     <td>&nbsp;<tr><td>\n
Action.c(28):     src='/WebTours/images/mer_login.gif'>\n
Action.c(28):     <tr><td>&nbsp;</td>\n
Action.c(28):     <tr><td>&nbsp;</td>\n
Action.c(28):     <tr><td>&nbsp;</td>\n
Action.c(28):     <td><small>&nbsp;Password</small></td>\n
Action.c(28):     <td><input type=image name=login value=Login alt=Login border=1 \n
Action.c(28):     </table><input type=hidden name=JSFormSubmit value='off'>\n
Action.c(28):     <tr><td>&nbsp;</td>\n
Action.c(28):     src='/WebTours/images/mer_login.gif'>\n
Action.c(28):     </form>\n
Action.c(28):     <td><input type=password name=password value='' size=14 maxlength=14></td></tr>\n
Action.c(28):     <tr><td>&nbsp;</td>\n
Action.c(28):     \n
Action.c(28):     <tr><td>&nbsp;</td>\n
Action.c(28):     </table><input type=hidden name=JSFormSubmit value='off'>\n
Action.c(28):     </body>\n
Action.c(28):     <td>&nbsp;<tr><td>\n
Action.c(28):     </form>\n
Action.c(28):     </html>\n
Action.c(28):     <tr><td>&nbsp;</td>\n
Action.c(28):     \n
Action.c(28):     <td><input type=image name=login value=Login alt=Login border=1 \n
Action.c(28): Found resource "http://192.168.42.4:1080/WebTours/images/mer_login.gif" in HTML "http://192.168.42.4:1080/WebTours/nav.pl?in=home"  	[MsgId: MMSG-26659]
Action.c(28):     src='/WebTours/images/mer_login.gif'>\n
Action.c(28):     </body>\n
Action.c(28):     <tr><td>&nbsp;</td>\n
Action.c(28):     </html>\n
Action.c(28): t=322007ms: Request done "http://192.168.42.4:1080/WebTours/nav.pl?in=home"  	[MsgId: MMSG-26000]
Action.c(28):     </table><input type=hidden name=JSFormSubmit value='off'>\n
Action.c(28):     </form>\n
Action.c(28): Notify: Saving Parameter "CorrelationParameter_2 = DciAf".	[MsgId: MMSG-13798]
Action.c(28): Found resource "http://192.168.42.4:1080/WebTours/images/mer_login.gif" in HTML "http://192.168.42.4:1080/WebTours/nav.pl?in=home"  	[MsgId: MMSG-26659]
Action.c(28):     \n
Action.c(28):     </body>\n
Action.c(28): t=322007ms: Request done "http://192.168.42.4:1080/WebTours/nav.pl?in=home"  	[MsgId: MMSG-26000]
Action.c(28): t=322007ms: Already connected [0] to 192.168.42.4:1080  	[MsgId: MMSG-26000]
Action.c(28):     </html>\n
Action.c(28): Notify: Saving Parameter "CorrelationParameter_2 = DciAf".	[MsgId: MMSG-13798]
Action.c(28): t=322007ms: 336-byte request headers for "http://192.168.42.4:1080/WebTours/images/mer_login.gif" (RelFrameId=, Internal ID=950)
Action.c(28):     GET /WebTours/images/mer_login.gif HTTP/1.1\r\n
Action.c(28): t=322007ms: Already connected [0] to 192.168.42.4:1080  	[MsgId: MMSG-26000]
Action.c(28): Found resource "http://192.168.42.4:1080/WebTours/images/mer_login.gif" in HTML "http://192.168.42.4:1080/WebTours/nav.pl?in=home"  	[MsgId: MMSG-26659]
Action.c(28):     Referer: http://192.168.42.4:1080/WebTours/nav.pl?in=home\r\n
Action.c(28): t=322007ms: 336-byte request headers for "http://192.168.42.4:1080/WebTours/images/mer_login.gif" (RelFrameId=, Internal ID=972)
Action.c(28):     User-Agent: Mozilla/5.0 (compatible; MSIE 9.0; Windows NT 6.1; WOW64; Trident/5.0)\r\n
Action.c(28): t=322007ms: Request done "http://192.168.42.4:1080/WebTours/nav.pl?in=home"  	[MsgId: MMSG-26000]
Action.c(28):     GET /WebTours/images/mer_login.gif HTTP/1.1\r\n
Action.c(28):     Accept-Encoding: gzip, deflate\r\n
Action.c(28):     Referer: http://192.168.42.4:1080/WebTours/nav.pl?in=home\r\n
Action.c(28): Notify: Saving Parameter "CorrelationParameter_2 = DciAf".	[MsgId: MMSG-13798]
Action.c(28):     Accept-Language: zh-CN\r\n
Action.c(28):     User-Agent: Mozilla/5.0 (compatible; MSIE 9.0; Windows NT 6.1; WOW64; Trident/5.0)\r\n
Action.c(28):     Accept: */*\r\n
Action.c(28):     Accept-Encoding: gzip, deflate\r\n
Action.c(28): t=322007ms: Already connected [0] to 192.168.42.4:1080  	[MsgId: MMSG-26000]
Action.c(28):     Connection: Keep-Alive\r\n
Action.c(28):     Accept-Language: zh-CN\r\n
Action.c(28):     Host: 192.168.42.4:1080\r\n
Action.c(28): t=322007ms: 336-byte request headers for "http://192.168.42.4:1080/WebTours/images/mer_login.gif" (RelFrameId=, Internal ID=1004)
Action.c(28):     Accept: */*\r\n
Action.c(28):     Cookie: MSO=SID&1492413122\r\n
Action.c(28):     GET /WebTours/images/mer_login.gif HTTP/1.1\r\n
Action.c(28):     Connection: Keep-Alive\r\n
Action.c(28):     \r\n
Action.c(28):     Referer: http://192.168.42.4:1080/WebTours/nav.pl?in=home\r\n
Action.c(28):     Host: 192.168.42.4:1080\r\n
Action.c(28):     User-Agent: Mozilla/5.0 (compatible; MSIE 9.0; Windows NT 6.1; WOW64; Trident/5.0)\r\n
Action.c(28):     Cookie: MSO=SID&1492413122\r\n
Action.c(28):     Accept-Encoding: gzip, deflate\r\n
Action.c(28):     \r\n
Action.c(28):     Accept-Language: zh-CN\r\n
Action.c(28):     Accept: */*\r\n
Action.c(28):     Connection: Keep-Alive\r\n
Action.c(28):     Host: 192.168.42.4:1080\r\n
Action.c(28):     Cookie: MSO=SID&1492413122\r\n
Action.c(28):     \r\n
Action.c(28): t=322009ms: 164-byte response headers for "http://192.168.42.4:1080/WebTours/images/mer_login.gif" (RelFrameId=, Internal ID=950)
Action.c(28):     HTTP/1.1 200 Ok\r\n
Action.c(28):     Server: Xitami\r\n
Action.c(28):     Date: Mon, 17 Apr 2017 07:12:02 GMT\r\n
Action.c(28):     Content-type: image/gif\r\n
Action.c(28):     Content-length: 679\r\n
Action.c(28):     Last-modified: Mon, 08 Feb 2010 11:51:43 GMT\r\n
Action.c(28):     \r\n
Action.c(28): t=322013ms: 164-byte response headers for "http://192.168.42.4:1080/WebTours/images/mer_login.gif" (RelFrameId=, Internal ID=1004)
Action.c(28): t=322013ms: 679-byte response body for "http://192.168.42.4:1080/WebTours/images/mer_login.gif" (RelFrameId=, Internal ID=950)
Action.c(28): t=322013ms: 164-byte response headers for "http://192.168.42.4:1080/WebTours/images/mer_login.gif" (RelFrameId=, Internal ID=972)
Action.c(28):     HTTP/1.1 200 Ok\r\n
Action.c(28):     HTTP/1.1 200 Ok\r\n
Action.c(28):     Server: Xitami\r\n
Action.c(28):     Server: Xitami\r\n
Action.c(28): t=322013ms: Request done "http://192.168.42.4:1080/WebTours/images/mer_login.gif"  	[MsgId: MMSG-26000]
Action.c(28):     Date: Mon, 17 Apr 2017 07:12:02 GMT\r\n
Action.c(28):     Content-type: image/gif\r\n
Action.c(28): Search registration for "CorrelationParameter_1" parameter is filtered by "Request URL"  	[MsgId: MMSG-26000]
Action.c(28):     Content-length: 679\r\n
Action.c(28):     Last-modified: Mon, 08 Feb 2010 11:51:43 GMT\r\n
Action.c(28): Notify: Saving Parameter "CorrelationParameter_1 = ".	[MsgId: MMSG-13798]
Action.c(28):     \r\n
Action.c(28): Error -35061: No match found for the requested parameter "CorrelationParameter_1". Check whether the requested boundaries exist in the response data. Also, if the data you want to save exceeds 256 bytes, use web_set_max_html_param_len to increase the parameter size  	[MsgId: MERR-35061]
Action.c(28): t=322013ms: 679-byte response body for "http://192.168.42.4:1080/WebTours/images/mer_login.gif" (RelFrameId=, Internal ID=972)
Action.c(28): t=322013ms: Request done "http://192.168.42.4:1080/WebTours/images/mer_login.gif"  	[MsgId: MMSG-26000]
Action.c(28): web_url("WebTours") highest severity level was "ERROR", 6448 body bytes, 1562 header bytes  	[MsgId: MMSG-26388]
Action.c(28): Search registration for "CorrelationParameter_1" parameter is filtered by "Request URL"  	[MsgId: MMSG-26000]
Action.c(28): Notify: Saving Parameter "CorrelationParameter_1 = ".	[MsgId: MMSG-13798]
Action.c(28):     Date: Mon, 17 Apr 2017 07:12:02 GMT\r\n
Action.c(28):     Content-type: image/gif\r\n
Action.c(28):     Content-length: 679\r\n
Ending action Action.	[MsgId: MMSG-15918]
Action.c(28):     Last-modified: Mon, 08 Feb 2010 11:51:43 GMT\r\n
Action.c(28):     \r\n
Action was aborted.	[MsgId: MMSG-10694]
Action.c(28): t=322014ms: 679-byte response body for "http://192.168.42.4:1080/WebTours/images/mer_login.gif" (RelFrameId=, Internal ID=1004)
Action.c(28): t=322014ms: Request done "http://192.168.42.4:1080/WebTours/images/mer_login.gif"  	[MsgId: MMSG-26000]
Ending Vuser...	[MsgId: MMSG-15966]
Starting action vuser_end.	[MsgId: MMSG-15919]
Ending action vuser_end.	[MsgId: MMSG-15918]
Action.c(28): Search registration for "CorrelationParameter_1" parameter is filtered by "Request URL"  	[MsgId: MMSG-26000]
Vuser Terminated.	[MsgId: MMSG-15963]
Action.c(28): Notify: Saving Parameter "CorrelationParameter_1 = ".	[MsgId: MMSG-13798]
Action.c(28): Error -35061: No match found for the requested parameter "CorrelationParameter_1". Check whether the requested boundaries exist in the response data. Also, if the data you want to save exceeds 256 bytes, use web_set_max_html_param_len to increase the parameter size  	[MsgId: MERR-35061]
Action.c(28): Error -35061: No match found for the requested parameter "CorrelationParameter_1". Check whether the requested boundaries exist in the response data. Also, if the data you want to save exceeds 256 bytes, use web_set_max_html_param_len to increase the parameter size  	[MsgId: MERR-35061]
Action.c(28): t=322014ms: Closed connection [0] to 192.168.42.4:1080 after completing 4 requests  	[MsgId: MMSG-26000]
Action.c(28): web_url("WebTours") highest severity level was "ERROR", 6448 body bytes, 1562 header bytes  	[MsgId: MMSG-26388]
Action.c(28): web_url("WebTours") highest severity level was "ERROR", 6448 body bytes, 1562 header bytes  	[MsgId: MMSG-26388]
Action.c(28): t=322014ms: Closed connection [1] to 192.168.42.4:1080 after completing 4 requests  	[MsgId: MMSG-26000]
Ending action Action.	[MsgId: MMSG-15918]
Action was aborted.	[MsgId: MMSG-10694]
Ending Vuser...	[MsgId: MMSG-15966]
Starting action vuser_end.	[MsgId: MMSG-15919]
Ending action vuser_end.	[MsgId: MMSG-15918]
Vuser Terminated.	[MsgId: MMSG-15963]
Action.c(28): t=322015ms: Closed connection [0] to 192.168.42.4:1080 after completing 4 requests  	[MsgId: MMSG-26000]
Action.c(28): t=322015ms: Closed connection [1] to 192.168.42.4:1080 after completing 4 requests  	[MsgId: MMSG-26000]
HTML-Mode memory management statistics: Reusable=6, NonReusable=0, CsMemBlockSize=4096, checks disabled  	[MsgId: MMSG-26000]
Vuser 3 (thread 8316), ended OK."	[MsgId: MMSG-10695]
Ending action Action.	[MsgId: MMSG-15918]
HTML-Mode memory management statistics: Reusable=6, NonReusable=0, CsMemBlockSize=4096, checks disabled  	[MsgId: MMSG-26000]
Action was aborted.	[MsgId: MMSG-10694]
Ending Vuser...	[MsgId: MMSG-15966]
Starting action vuser_end.	[MsgId: MMSG-15919]
Ending action vuser_end.	[MsgId: MMSG-15918]
Vuser Terminated.	[MsgId: MMSG-15963]
Vuser 5 (thread 8552), ended OK."	[MsgId: MMSG-10695]
Action.c(28): t=322017ms: Closed connection [0] to 192.168.42.4:1080 after completing 4 requests  	[MsgId: MMSG-26000]
Action.c(28): t=322017ms: Closed connection [1] to 192.168.42.4:1080 after completing 4 requests  	[MsgId: MMSG-26000]
HTML-Mode memory management statistics: Reusable=6, NonReusable=0, CsMemBlockSize=4096, checks disabled  	[MsgId: MMSG-26000]
Vuser 2 (thread 8312), ended OK."	[MsgId: MMSG-10695]
