[2017-04-06 16:26:13] (thread id = 1) Full Trace: CorrelationFramework has initialized log functionality successfully.
[2017-04-06 16:26:13] (thread id = 1) Full Trace: WebCorrelationScanner initialized
[2017-04-06 16:26:13] (thread id = 1) Full Trace: CorrelationFramework has initialized Snapshot Scanners successfully.
[2017-04-06 16:26:13] (thread id = 1) Full Trace: CorrelationFramework has initialized Post Filters Manager successfully.
[2017-04-06 16:26:40] (thread id = 6) Full Trace: WebCorrelationScanner.ScanStepForCorrelation(C:\Users\Administrator\AppData\Local\Temp\noname5\data\t1.inf, C:\Users\Administrator\AppData\Local\Temp\noname5\result1\Iteration1\t1.inf)
[2017-04-06 16:26:40] (thread id = 4) Full Trace: WebCorrelationScanner.ScanStepForCorrelation(C:\Users\Administrator\AppData\Local\Temp\noname5\data\t2.inf, C:\Users\Administrator\AppData\Local\Temp\noname5\result1\Iteration1\t2.inf)
[2017-04-06 16:26:40] (thread id = 7) Full Trace: WebCorrelationScanner.ScanStepForCorrelation(C:\Users\Administrator\AppData\Local\Temp\noname5\data\t3.inf, C:\Users\Administrator\AppData\Local\Temp\noname5\result1\Iteration1\t3.inf)
[2017-04-06 16:26:41] (thread id = 7) Full Trace: WebCorrelationScanner.CompareMatchedTasks(55, 17)
[2017-04-06 16:26:41] (thread id = 7) Full Trace: Starting comparison with 4 comparers
[2017-04-06 16:26:41] (thread id = 7) Full Trace: Comparing headers for tasks: 55 and 17
[2017-04-06 16:26:41] (thread id = 7) Full Trace: Comparing 7 headers
[2017-04-06 16:26:41] (thread id = 7) Full Trace: Ignoring header "Server"
[2017-04-06 16:26:41] (thread id = 7) Full Trace: Ignoring header "Date"
[2017-04-06 16:26:41] (thread id = 7) Full Trace: Ignoring header "Cache-control"
[2017-04-06 16:26:41] (thread id = 7) Full Trace: Ignoring header "Expires"
[2017-04-06 16:26:41] (thread id = 7) Full Trace: Ignoring header "Content-length"
[2017-04-06 16:26:41] (thread id = 7) Full Trace: Ignoring header "Content-type"
[2017-04-06 16:26:41] (thread id = 7) Full Trace: Ignoring header "Set-cookie"
[2017-04-06 16:26:41] (thread id = 7) Full Trace: Found 0 text diffs in headers
[2017-04-06 16:26:41] (thread id = 7) Full Trace: The comparer HP.LoadRunner.CorrelationFramework.HttpHeadersComparer returned 0 diffs
[2017-04-06 16:26:41] (thread id = 7) Full Trace: Comparing cookies for tasks: 55 and 17
[2017-04-06 16:26:41] (thread id = 7) Full Trace: The comparer HP.LoadRunner.CorrelationFramework.CookiesComparer returned 0 diffs
[2017-04-06 16:26:41] (thread id = 7) Full Trace: The comparer HP.LoadRunner.CorrelationFramework.IrrelevantDataNullComparer returned 0 diffs
[2017-04-06 16:26:41] (thread id = 7) Full Trace: Comparing HTTP body for tasks: 55 and 17
[2017-04-06 16:26:41] (thread id = 7) Full Trace: GetCommonFormat() found common format "Raw"
[2017-04-06 16:26:41] (thread id = 7) Full Trace: Comparing HTTP body in format "Raw" as text
[2017-04-06 16:26:41] (thread id = 7) Full Trace: Starting to convert 0 text diffs to locators
[2017-04-06 16:26:41] (thread id = 6) Full Trace: WebCorrelationScanner.CompareMatchedTasks(4, 1)
[2017-04-06 16:26:41] (thread id = 6) Full Trace: Starting comparison with 4 comparers
[2017-04-06 16:26:41] (thread id = 6) Full Trace: Comparing headers for tasks: 4 and 1
[2017-04-06 16:26:41] (thread id = 6) Full Trace: Comparing 5 headers
[2017-04-06 16:26:41] (thread id = 6) Full Trace: Ignoring header "Server"
[2017-04-06 16:26:41] (thread id = 6) Full Trace: Ignoring header "Date"
[2017-04-06 16:26:41] (thread id = 6) Full Trace: Ignoring header "Content-type"
[2017-04-06 16:26:41] (thread id = 6) Full Trace: Ignoring header "Content-length"
[2017-04-06 16:26:41] (thread id = 6) Full Trace: Ignoring header "Last-modified"
[2017-04-06 16:26:41] (thread id = 6) Full Trace: Found 0 text diffs in headers
[2017-04-06 16:26:41] (thread id = 6) Full Trace: The comparer HP.LoadRunner.CorrelationFramework.HttpHeadersComparer returned 0 diffs
[2017-04-06 16:26:41] (thread id = 6) Full Trace: Comparing cookies for tasks: 4 and 1
[2017-04-06 16:26:41] (thread id = 6) Full Trace: The comparer HP.LoadRunner.CorrelationFramework.CookiesComparer returned 0 diffs
[2017-04-06 16:26:41] (thread id = 6) Full Trace: The comparer HP.LoadRunner.CorrelationFramework.IrrelevantDataNullComparer returned 0 diffs
[2017-04-06 16:26:41] (thread id = 6) Full Trace: Comparing HTTP body for tasks: 4 and 1
[2017-04-06 16:26:41] (thread id = 6) Full Trace: GetCommonFormat() found common format "Raw"
[2017-04-06 16:26:41] (thread id = 6) Full Trace: Comparing HTTP body in format "Raw" as text
[2017-04-06 16:26:41] (thread id = 6) Full Trace: Starting to convert 0 text diffs to locators
[2017-04-06 16:26:41] (thread id = 6) Full Trace: Found 0 diffs in HTTP body
[2017-04-06 16:26:41] (thread id = 6) Full Trace: The comparer HP.LoadRunner.CorrelationFramework.HttpBodyComparer returned 0 diffs
[2017-04-06 16:26:41] (thread id = 4) Full Trace: WebCorrelationScanner.CompareMatchedTasks(40, 16)
[2017-04-06 16:26:41] (thread id = 4) Full Trace: Starting comparison with 4 comparers
[2017-04-06 16:26:41] (thread id = 4) Full Trace: Comparing headers for tasks: 40 and 16
[2017-04-06 16:26:41] (thread id = 4) Full Trace: Comparing 7 headers
[2017-04-06 16:26:41] (thread id = 4) Full Trace: Ignoring header "Server"
[2017-04-06 16:26:41] (thread id = 4) Full Trace: Ignoring header "Date"
[2017-04-06 16:26:41] (thread id = 4) Full Trace: Ignoring header "Cache-control"
[2017-04-06 16:26:41] (thread id = 4) Full Trace: Ignoring header "Expires"
[2017-04-06 16:26:41] (thread id = 4) Full Trace: Ignoring header "Content-length"
[2017-04-06 16:26:41] (thread id = 4) Full Trace: Ignoring header "Content-type"
[2017-04-06 16:26:41] (thread id = 4) Full Trace: Ignoring header "Set-cookie"
[2017-04-06 16:26:41] (thread id = 4) Full Trace: Found 0 text diffs in headers
[2017-04-06 16:26:41] (thread id = 4) Full Trace: The comparer HP.LoadRunner.CorrelationFramework.HttpHeadersComparer returned 0 diffs
[2017-04-06 16:26:41] (thread id = 4) Full Trace: Comparing cookies for tasks: 40 and 16
[2017-04-06 16:26:41] (thread id = 4) Full Trace: The comparer HP.LoadRunner.CorrelationFramework.CookiesComparer returned 0 diffs
[2017-04-06 16:26:41] (thread id = 4) Full Trace: The comparer HP.LoadRunner.CorrelationFramework.IrrelevantDataNullComparer returned 0 diffs
[2017-04-06 16:26:41] (thread id = 4) Full Trace: Comparing HTTP body for tasks: 40 and 16
[2017-04-06 16:26:41] (thread id = 4) Full Trace: GetCommonFormat() found common format "Raw"
[2017-04-06 16:26:41] (thread id = 4) Full Trace: Comparing HTTP body in format "Raw" as text
[2017-04-06 16:26:41] (thread id = 7) Full Trace: Found 0 diffs in HTTP body
[2017-04-06 16:26:41] (thread id = 7) Full Trace: The comparer HP.LoadRunner.CorrelationFramework.HttpBodyComparer returned 0 diffs
[2017-04-06 16:26:41] (thread id = 4) Full Trace: Comparing tasks of size 419 bytes and 777 bytes has taken 16ms.
[2017-04-06 16:26:41] (thread id = 4) Full Trace: Starting to convert 13 text diffs to locators
[2017-04-06 16:26:41] (thread id = 4) Full Trace: Ignoring diff of length 1
[2017-04-06 16:26:41] (thread id = 4) Full Trace: Ignoring diff of length 1
[2017-04-06 16:26:41] (thread id = 4) Full Trace: Ignoring diff of length 1
[2017-04-06 16:26:41] (thread id = 4) Full Trace: Found 10 diffs in HTTP body
[2017-04-06 16:26:41] (thread id = 4) Full Trace: The comparer HP.LoadRunner.CorrelationFramework.HttpBodyComparer returned 10 diffs
[2017-04-06 16:26:41] (thread id = 6) Full Trace: WebCorrelationScanner.CompareMatchedTasks(5, 2)
[2017-04-06 16:26:41] (thread id = 6) Full Trace: Starting comparison with 4 comparers
[2017-04-06 16:26:41] (thread id = 6) Full Trace: Comparing headers for tasks: 5 and 2
[2017-04-06 16:26:41] (thread id = 6) Full Trace: Comparing 5 headers
[2017-04-06 16:26:41] (thread id = 6) Full Trace: Ignoring header "Server"
[2017-04-06 16:26:41] (thread id = 6) Full Trace: Ignoring header "Date"
[2017-04-06 16:26:41] (thread id = 6) Full Trace: Ignoring header "Content-type"
[2017-04-06 16:26:41] (thread id = 6) Full Trace: Ignoring header "Content-length"
[2017-04-06 16:26:41] (thread id = 6) Full Trace: Ignoring header "Last-modified"
[2017-04-06 16:26:41] (thread id = 6) Full Trace: Found 0 text diffs in headers
[2017-04-06 16:26:41] (thread id = 6) Full Trace: The comparer HP.LoadRunner.CorrelationFramework.HttpHeadersComparer returned 0 diffs
[2017-04-06 16:26:41] (thread id = 6) Full Trace: Comparing cookies for tasks: 5 and 2
[2017-04-06 16:26:41] (thread id = 6) Full Trace: The comparer HP.LoadRunner.CorrelationFramework.CookiesComparer returned 0 diffs
[2017-04-06 16:26:41] (thread id = 6) Full Trace: The comparer HP.LoadRunner.CorrelationFramework.IrrelevantDataNullComparer returned 0 diffs
[2017-04-06 16:26:41] (thread id = 6) Full Trace: Comparing HTTP body for tasks: 5 and 2
[2017-04-06 16:26:41] (thread id = 6) Full Trace: GetCommonFormat() found common format "Raw"
[2017-04-06 16:26:41] (thread id = 6) Full Trace: Comparing HTTP body in format "Raw" as text
[2017-04-06 16:26:41] (thread id = 6) Full Trace: Starting to convert 0 text diffs to locators
[2017-04-06 16:26:41] (thread id = 6) Full Trace: Found 0 diffs in HTTP body
[2017-04-06 16:26:41] (thread id = 6) Full Trace: The comparer HP.LoadRunner.CorrelationFramework.HttpBodyComparer returned 0 diffs
[2017-04-06 16:26:41] (thread id = 7) Full Trace: WebCorrelationScanner.CompareMatchedTasks(57, 18)
[2017-04-06 16:26:41] (thread id = 7) Full Trace: Starting comparison with 4 comparers
[2017-04-06 16:26:41] (thread id = 7) Full Trace: Comparing headers for tasks: 57 and 18
[2017-04-06 16:26:41] (thread id = 7) Full Trace: Comparing 6 headers
[2017-04-06 16:26:41] (thread id = 7) Full Trace: Ignoring header "Server"
[2017-04-06 16:26:41] (thread id = 7) Full Trace: Ignoring header "Date"
[2017-04-06 16:26:41] (thread id = 7) Full Trace: Ignoring header "Cache-control"
[2017-04-06 16:26:41] (thread id = 7) Full Trace: Ignoring header "Expires"
[2017-04-06 16:26:41] (thread id = 7) Full Trace: Ignoring header "Content-length"
[2017-04-06 16:26:41] (thread id = 7) Full Trace: Ignoring header "Content-type"
[2017-04-06 16:26:41] (thread id = 7) Full Trace: Found 0 text diffs in headers
[2017-04-06 16:26:41] (thread id = 7) Full Trace: The comparer HP.LoadRunner.CorrelationFramework.HttpHeadersComparer returned 0 diffs
[2017-04-06 16:26:41] (thread id = 7) Full Trace: Comparing cookies for tasks: 57 and 18
[2017-04-06 16:26:41] (thread id = 7) Full Trace: The comparer HP.LoadRunner.CorrelationFramework.CookiesComparer returned 0 diffs
[2017-04-06 16:26:41] (thread id = 7) Full Trace: The comparer HP.LoadRunner.CorrelationFramework.IrrelevantDataNullComparer returned 0 diffs
[2017-04-06 16:26:41] (thread id = 7) Full Trace: Comparing HTTP body for tasks: 57 and 18
[2017-04-06 16:26:41] (thread id = 7) Full Trace: GetCommonFormat() found common format "Raw"
[2017-04-06 16:26:41] (thread id = 7) Full Trace: Comparing HTTP body in format "Raw" as text
[2017-04-06 16:26:41] (thread id = 7) Full Trace: Comparing tasks of size 33 bytes and 34 bytes has taken 0ms.
[2017-04-06 16:26:41] (thread id = 7) Full Trace: Starting to convert 3 text diffs to locators
[2017-04-06 16:26:41] (thread id = 7) Full Trace: Ignoring diff of length 3
[2017-04-06 16:26:41] (thread id = 7) Full Trace: Ignoring diff of length 2
[2017-04-06 16:26:41] (thread id = 7) Full Trace: Found 1 diffs in HTTP body
[2017-04-06 16:26:41] (thread id = 7) Full Trace: The comparer HP.LoadRunner.CorrelationFramework.HttpBodyComparer returned 1 diffs
[2017-04-06 16:26:42] (thread id = 6) Full Trace: WebCorrelationScanner.CompareMatchedTasks(8, 10)
[2017-04-06 16:26:42] (thread id = 6) Full Trace: Starting comparison with 4 comparers
[2017-04-06 16:26:42] (thread id = 6) Full Trace: Comparing headers for tasks: 8 and 10
[2017-04-06 16:26:42] (thread id = 6) Full Trace: Comparing 5 headers
[2017-04-06 16:26:42] (thread id = 6) Full Trace: Ignoring header "Server"
[2017-04-06 16:26:42] (thread id = 6) Full Trace: Ignoring header "Date"
[2017-04-06 16:26:42] (thread id = 6) Full Trace: Ignoring header "Content-type"
[2017-04-06 16:26:42] (thread id = 6) Full Trace: Ignoring header "Content-length"
[2017-04-06 16:26:42] (thread id = 6) Full Trace: Ignoring header "Last-modified"
[2017-04-06 16:26:42] (thread id = 6) Full Trace: Found 0 text diffs in headers
[2017-04-06 16:26:42] (thread id = 6) Full Trace: The comparer HP.LoadRunner.CorrelationFramework.HttpHeadersComparer returned 0 diffs
[2017-04-06 16:26:42] (thread id = 6) Full Trace: Comparing cookies for tasks: 8 and 10
[2017-04-06 16:26:42] (thread id = 6) Full Trace: The comparer HP.LoadRunner.CorrelationFramework.CookiesComparer returned 0 diffs
[2017-04-06 16:26:42] (thread id = 6) Full Trace: The comparer HP.LoadRunner.CorrelationFramework.IrrelevantDataNullComparer returned 0 diffs
[2017-04-06 16:26:42] (thread id = 6) Full Trace: Comparing HTTP body for tasks: 8 and 10
[2017-04-06 16:26:42] (thread id = 6) Full Trace: GetCommonFormat() found common format "Raw"
[2017-04-06 16:26:42] (thread id = 6) Full Trace: Ignoring content type "image/png"
[2017-04-06 16:26:42] (thread id = 6) Full Trace: The comparer HP.LoadRunner.CorrelationFramework.HttpBodyComparer returned 0 diffs
[2017-04-06 16:26:43] (thread id = 6) Full Trace: WebCorrelationScanner.CompareMatchedTasks(11, 3)
[2017-04-06 16:26:43] (thread id = 6) Full Trace: Starting comparison with 4 comparers
[2017-04-06 16:26:43] (thread id = 6) Full Trace: Comparing headers for tasks: 11 and 3
[2017-04-06 16:26:43] (thread id = 6) Full Trace: Comparing 7 headers
[2017-04-06 16:26:43] (thread id = 6) Full Trace: Ignoring header "Server"
[2017-04-06 16:26:43] (thread id = 6) Full Trace: Ignoring header "Date"
[2017-04-06 16:26:43] (thread id = 6) Full Trace: Ignoring header "Cache-control"
[2017-04-06 16:26:43] (thread id = 6) Full Trace: Ignoring header "Expires"
[2017-04-06 16:26:43] (thread id = 6) Full Trace: Ignoring header "Content-length"
[2017-04-06 16:26:43] (thread id = 6) Full Trace: Ignoring header "Content-type"
[2017-04-06 16:26:43] (thread id = 6) Full Trace: Ignoring header "Set-cookie"
[2017-04-06 16:26:43] (thread id = 6) Full Trace: Found 0 text diffs in headers
[2017-04-06 16:26:43] (thread id = 6) Full Trace: The comparer HP.LoadRunner.CorrelationFramework.HttpHeadersComparer returned 0 diffs
[2017-04-06 16:26:43] (thread id = 6) Full Trace: Comparing cookies for tasks: 11 and 3
[2017-04-06 16:26:43] (thread id = 6) Full Trace: The comparer HP.LoadRunner.CorrelationFramework.CookiesComparer returned 0 diffs
[2017-04-06 16:26:43] (thread id = 6) Full Trace: The comparer HP.LoadRunner.CorrelationFramework.IrrelevantDataNullComparer returned 0 diffs
[2017-04-06 16:26:43] (thread id = 6) Full Trace: Comparing HTTP body for tasks: 11 and 3
[2017-04-06 16:26:43] (thread id = 6) Full Trace: GetCommonFormat() found common format "Raw"
[2017-04-06 16:26:43] (thread id = 6) Full Trace: Comparing HTTP body in format "Raw" as text
[2017-04-06 16:26:43] (thread id = 6) Full Trace: Starting to convert 0 text diffs to locators
[2017-04-06 16:26:43] (thread id = 6) Full Trace: Found 0 diffs in HTTP body
[2017-04-06 16:26:43] (thread id = 6) Full Trace: The comparer HP.LoadRunner.CorrelationFramework.HttpBodyComparer returned 0 diffs
[2017-04-06 16:26:43] (thread id = 6) Full Trace: WebCorrelationScanner.CompareMatchedTasks(13, 13)
[2017-04-06 16:26:43] (thread id = 6) Full Trace: Starting comparison with 4 comparers
[2017-04-06 16:26:43] (thread id = 6) Full Trace: Comparing headers for tasks: 13 and 13
[2017-04-06 16:26:43] (thread id = 6) Full Trace: Comparing 5 headers
[2017-04-06 16:26:43] (thread id = 6) Full Trace: Ignoring header "Server"
[2017-04-06 16:26:43] (thread id = 6) Full Trace: Ignoring header "Date"
[2017-04-06 16:26:43] (thread id = 6) Full Trace: Ignoring header "Content-type"
[2017-04-06 16:26:43] (thread id = 6) Full Trace: Ignoring header "Content-length"
[2017-04-06 16:26:43] (thread id = 6) Full Trace: Ignoring header "Last-modified"
[2017-04-06 16:26:43] (thread id = 6) Full Trace: Found 0 text diffs in headers
[2017-04-06 16:26:43] (thread id = 6) Full Trace: The comparer HP.LoadRunner.CorrelationFramework.HttpHeadersComparer returned 0 diffs
[2017-04-06 16:26:43] (thread id = 6) Full Trace: Comparing cookies for tasks: 13 and 13
[2017-04-06 16:26:43] (thread id = 6) Full Trace: The comparer HP.LoadRunner.CorrelationFramework.CookiesComparer returned 0 diffs
[2017-04-06 16:26:43] (thread id = 6) Full Trace: The comparer HP.LoadRunner.CorrelationFramework.IrrelevantDataNullComparer returned 0 diffs
[2017-04-06 16:26:43] (thread id = 6) Full Trace: Comparing HTTP body for tasks: 13 and 13
[2017-04-06 16:26:43] (thread id = 6) Full Trace: GetCommonFormat() found common format "Raw"
[2017-04-06 16:26:43] (thread id = 6) Full Trace: Comparing HTTP body in format "Raw" as text
[2017-04-06 16:26:43] (thread id = 6) Full Trace: Starting to convert 0 text diffs to locators
[2017-04-06 16:26:43] (thread id = 6) Full Trace: Found 0 diffs in HTTP body
[2017-04-06 16:26:43] (thread id = 6) Full Trace: The comparer HP.LoadRunner.CorrelationFramework.HttpBodyComparer returned 0 diffs
[2017-04-06 16:26:44] (thread id = 6) Full Trace: WebCorrelationScanner.CompareMatchedTasks(14, 12)
[2017-04-06 16:26:44] (thread id = 6) Full Trace: Starting comparison with 4 comparers
[2017-04-06 16:26:44] (thread id = 6) Full Trace: Comparing headers for tasks: 14 and 12
[2017-04-06 16:26:44] (thread id = 6) Full Trace: Comparing 6 headers
[2017-04-06 16:26:44] (thread id = 6) Full Trace: Ignoring header "Server"
[2017-04-06 16:26:44] (thread id = 6) Full Trace: Ignoring header "Date"
[2017-04-06 16:26:44] (thread id = 6) Full Trace: Ignoring header "Cache-control"
[2017-04-06 16:26:44] (thread id = 6) Full Trace: Ignoring header "Expires"
[2017-04-06 16:26:44] (thread id = 6) Full Trace: Ignoring header "Content-length"
[2017-04-06 16:26:44] (thread id = 6) Full Trace: Ignoring header "Content-type"
[2017-04-06 16:26:44] (thread id = 6) Full Trace: Found 0 text diffs in headers
[2017-04-06 16:26:44] (thread id = 6) Full Trace: The comparer HP.LoadRunner.CorrelationFramework.HttpHeadersComparer returned 0 diffs
[2017-04-06 16:26:44] (thread id = 6) Full Trace: Comparing cookies for tasks: 14 and 12
[2017-04-06 16:26:44] (thread id = 6) Full Trace: The comparer HP.LoadRunner.CorrelationFramework.CookiesComparer returned 0 diffs
[2017-04-06 16:26:44] (thread id = 6) Full Trace: The comparer HP.LoadRunner.CorrelationFramework.IrrelevantDataNullComparer returned 0 diffs
[2017-04-06 16:26:44] (thread id = 6) Full Trace: Comparing HTTP body for tasks: 14 and 12
[2017-04-06 16:26:44] (thread id = 6) Full Trace: GetCommonFormat() found common format "Raw"
[2017-04-06 16:26:44] (thread id = 6) Full Trace: Comparing HTTP body in format "Raw" as text
[2017-04-06 16:26:44] (thread id = 6) Full Trace: Comparing tasks of size 35 bytes and 27 bytes has taken 0ms.
[2017-04-06 16:26:44] (thread id = 6) Full Trace: Starting to convert 3 text diffs to locators
[2017-04-06 16:26:44] (thread id = 6) Full Trace: Found 3 diffs in HTTP body
[2017-04-06 16:26:44] (thread id = 6) Full Trace: The comparer HP.LoadRunner.CorrelationFramework.HttpBodyComparer returned 3 diffs
[2017-04-06 16:26:44] (thread id = 6) Full Trace: WebCorrelationScanner.CompareMatchedTasks(12, 11)
[2017-04-06 16:26:44] (thread id = 6) Full Trace: Starting comparison with 4 comparers
[2017-04-06 16:26:44] (thread id = 6) Full Trace: Comparing headers for tasks: 12 and 11
[2017-04-06 16:26:44] (thread id = 6) Full Trace: Comparing 5 headers
[2017-04-06 16:26:44] (thread id = 6) Full Trace: Ignoring header "Server"
[2017-04-06 16:26:44] (thread id = 6) Full Trace: Ignoring header "Date"
[2017-04-06 16:26:44] (thread id = 6) Full Trace: Ignoring header "Content-type"
[2017-04-06 16:26:44] (thread id = 6) Full Trace: Ignoring header "Content-length"
[2017-04-06 16:26:44] (thread id = 6) Full Trace: Ignoring header "Last-modified"
[2017-04-06 16:26:44] (thread id = 6) Full Trace: Found 0 text diffs in headers
[2017-04-06 16:26:44] (thread id = 6) Full Trace: The comparer HP.LoadRunner.CorrelationFramework.HttpHeadersComparer returned 0 diffs
[2017-04-06 16:26:44] (thread id = 6) Full Trace: Comparing cookies for tasks: 12 and 11
[2017-04-06 16:26:44] (thread id = 6) Full Trace: The comparer HP.LoadRunner.CorrelationFramework.CookiesComparer returned 0 diffs
[2017-04-06 16:26:44] (thread id = 6) Full Trace: The comparer HP.LoadRunner.CorrelationFramework.IrrelevantDataNullComparer returned 0 diffs
[2017-04-06 16:26:44] (thread id = 6) Full Trace: Comparing HTTP body for tasks: 12 and 11
[2017-04-06 16:26:44] (thread id = 6) Full Trace: GetCommonFormat() found common format "Raw"
[2017-04-06 16:26:44] (thread id = 6) Full Trace: Ignoring content type "image/png"
[2017-04-06 16:26:44] (thread id = 6) Full Trace: The comparer HP.LoadRunner.CorrelationFramework.HttpBodyComparer returned 0 diffs
[2017-04-06 16:26:45] (thread id = 6) Full Trace: WebCorrelationScanner.CompareMatchedTasks(15, 14)
[2017-04-06 16:26:45] (thread id = 6) Full Trace: Starting comparison with 4 comparers
[2017-04-06 16:26:45] (thread id = 6) Full Trace: Comparing headers for tasks: 15 and 14
[2017-04-06 16:26:45] (thread id = 6) Full Trace: Comparing 5 headers
[2017-04-06 16:26:45] (thread id = 6) Full Trace: Ignoring header "Server"
[2017-04-06 16:26:45] (thread id = 6) Full Trace: Ignoring header "Date"
[2017-04-06 16:26:45] (thread id = 6) Full Trace: Ignoring header "Content-type"
[2017-04-06 16:26:45] (thread id = 6) Full Trace: Ignoring header "Content-length"
[2017-04-06 16:26:45] (thread id = 6) Full Trace: Ignoring header "Last-modified"
[2017-04-06 16:26:45] (thread id = 6) Full Trace: Found 0 text diffs in headers
[2017-04-06 16:26:45] (thread id = 6) Full Trace: The comparer HP.LoadRunner.CorrelationFramework.HttpHeadersComparer returned 0 diffs
[2017-04-06 16:26:45] (thread id = 6) Full Trace: Comparing cookies for tasks: 15 and 14
[2017-04-06 16:26:45] (thread id = 6) Full Trace: The comparer HP.LoadRunner.CorrelationFramework.CookiesComparer returned 0 diffs
[2017-04-06 16:26:45] (thread id = 6) Full Trace: The comparer HP.LoadRunner.CorrelationFramework.IrrelevantDataNullComparer returned 0 diffs
[2017-04-06 16:26:45] (thread id = 6) Full Trace: Comparing HTTP body for tasks: 15 and 14
[2017-04-06 16:26:45] (thread id = 6) Full Trace: GetCommonFormat() found common format "Raw"
[2017-04-06 16:26:45] (thread id = 6) Full Trace: Ignoring content type "application/x-javascript"
[2017-04-06 16:26:45] (thread id = 6) Full Trace: The comparer HP.LoadRunner.CorrelationFramework.HttpBodyComparer returned 0 diffs
[2017-04-06 16:26:45] (thread id = 6) Full Trace: WebCorrelationScanner.CompareMatchedTasks(16, 15)
[2017-04-06 16:26:45] (thread id = 6) Full Trace: Starting comparison with 4 comparers
[2017-04-06 16:26:45] (thread id = 6) Full Trace: Comparing headers for tasks: 16 and 15
[2017-04-06 16:26:45] (thread id = 6) Full Trace: Comparing 5 headers
[2017-04-06 16:26:45] (thread id = 6) Full Trace: Ignoring header "Server"
[2017-04-06 16:26:45] (thread id = 6) Full Trace: Ignoring header "Date"
[2017-04-06 16:26:45] (thread id = 6) Full Trace: Ignoring header "Content-type"
[2017-04-06 16:26:45] (thread id = 6) Full Trace: Ignoring header "Content-length"
[2017-04-06 16:26:45] (thread id = 6) Full Trace: Ignoring header "Last-modified"
[2017-04-06 16:26:45] (thread id = 6) Full Trace: Found 0 text diffs in headers
[2017-04-06 16:26:45] (thread id = 6) Full Trace: The comparer HP.LoadRunner.CorrelationFramework.HttpHeadersComparer returned 0 diffs
[2017-04-06 16:26:45] (thread id = 6) Full Trace: Comparing cookies for tasks: 16 and 15
[2017-04-06 16:26:45] (thread id = 6) Full Trace: The comparer HP.LoadRunner.CorrelationFramework.CookiesComparer returned 0 diffs
[2017-04-06 16:26:45] (thread id = 6) Full Trace: The comparer HP.LoadRunner.CorrelationFramework.IrrelevantDataNullComparer returned 0 diffs
[2017-04-06 16:26:45] (thread id = 6) Full Trace: Comparing HTTP body for tasks: 16 and 15
[2017-04-06 16:26:45] (thread id = 6) Full Trace: GetCommonFormat() found common format "Raw"
[2017-04-06 16:26:45] (thread id = 6) Full Trace: Ignoring content type "image/gif"
[2017-04-06 16:26:45] (thread id = 6) Full Trace: The comparer HP.LoadRunner.CorrelationFramework.HttpBodyComparer returned 0 diffs
[2017-04-06 16:26:46] (thread id = 6) Full Trace: WebCorrelationScanner.CompareMatchedTasks(21, 4)
[2017-04-06 16:26:46] (thread id = 6) Full Trace: Starting comparison with 4 comparers
[2017-04-06 16:26:46] (thread id = 6) Full Trace: Comparing headers for tasks: 21 and 4
[2017-04-06 16:26:46] (thread id = 6) Full Trace: Comparing 11 headers
[2017-04-06 16:26:46] (thread id = 6) Full Trace: Ignoring header "Server"
[2017-04-06 16:26:46] (thread id = 6) Full Trace: GetCommonFormat() found common format "Raw"
[2017-04-06 16:26:46] (thread id = 6) Full Trace: Comparing header "Connection" in format "Raw"
[2017-04-06 16:26:46] (thread id = 6) Full Trace: Comparing values "keep-alive" and "keep-alive" as text
[2017-04-06 16:26:46] (thread id = 6) Full Trace: Starting to convert 0 text diffs to locators
[2017-04-06 16:26:46] (thread id = 6) Full Trace: Ignoring header "Date"
[2017-04-06 16:26:46] (thread id = 6) Full Trace: Ignoring header "Cache-Control"
[2017-04-06 16:26:46] (thread id = 6) Full Trace: Ignoring header "Expires"
[2017-04-06 16:26:46] (thread id = 6) Full Trace: Ignoring header "Last-Modified"
[2017-04-06 16:26:46] (thread id = 6) Full Trace: Ignoring header "Content-Type"
[2017-04-06 16:26:46] (thread id = 6) Full Trace: Ignoring header "Content-Length"
[2017-04-06 16:26:46] (thread id = 6) Full Trace: Ignoring header "Content-Encoding"
[2017-04-06 16:26:46] (thread id = 6) Internal Error: GetCommonFormat() failed to find common format returning "Raw"
[2017-04-06 16:26:46] (thread id = 6) Full Trace: Comparing header "X-NWS-LOG-UUID" in format "Raw"
[2017-04-06 16:26:46] (thread id = 6) Full Trace: GetCommonFormat() found common format "Raw"
[2017-04-06 16:26:46] (thread id = 6) Full Trace: Comparing header "X-Cache-Lookup" in format "Raw"
[2017-04-06 16:26:46] (thread id = 6) Full Trace: Comparing values "Hit From Disktank Gz" and "Hit From Disktank Gz" as text
[2017-04-06 16:26:46] (thread id = 6) Full Trace: Starting to convert 0 text diffs to locators
[2017-04-06 16:26:46] (thread id = 6) Full Trace: Found 0 text diffs in headers
[2017-04-06 16:26:46] (thread id = 6) Full Trace: The comparer HP.LoadRunner.CorrelationFramework.HttpHeadersComparer returned 0 diffs
[2017-04-06 16:26:46] (thread id = 6) Full Trace: Comparing cookies for tasks: 21 and 4
[2017-04-06 16:26:46] (thread id = 6) Full Trace: The comparer HP.LoadRunner.CorrelationFramework.CookiesComparer returned 0 diffs
[2017-04-06 16:26:46] (thread id = 6) Full Trace: The comparer HP.LoadRunner.CorrelationFramework.IrrelevantDataNullComparer returned 0 diffs
[2017-04-06 16:26:46] (thread id = 6) Full Trace: Comparing HTTP body for tasks: 21 and 4
[2017-04-06 16:26:46] (thread id = 6) Full Trace: GetCommonFormat() found common format "Raw"
[2017-04-06 16:26:46] (thread id = 6) Full Trace: Ignoring content type "application/x-javascript"
[2017-04-06 16:26:46] (thread id = 6) Full Trace: The comparer HP.LoadRunner.CorrelationFramework.HttpBodyComparer returned 0 diffs
[2017-04-06 16:26:47] (thread id = 6) Full Trace: WebCorrelationScanner.CompareMatchedTasks(24, 5)
[2017-04-06 16:26:47] (thread id = 6) Full Trace: Starting comparison with 4 comparers
[2017-04-06 16:26:47] (thread id = 6) Full Trace: Comparing headers for tasks: 24 and 5
[2017-04-06 16:26:47] (thread id = 6) Full Trace: Comparing 11 headers
[2017-04-06 16:26:47] (thread id = 6) Full Trace: Ignoring header "Server"
[2017-04-06 16:26:47] (thread id = 6) Full Trace: GetCommonFormat() found common format "Raw"
[2017-04-06 16:26:47] (thread id = 6) Full Trace: Comparing header "Connection" in format "Raw"
[2017-04-06 16:26:47] (thread id = 6) Full Trace: Comparing values "keep-alive" and "keep-alive" as text
[2017-04-06 16:26:47] (thread id = 6) Full Trace: Starting to convert 0 text diffs to locators
[2017-04-06 16:26:47] (thread id = 6) Full Trace: Ignoring header "Date"
[2017-04-06 16:26:47] (thread id = 6) Full Trace: Ignoring header "Cache-Control"
[2017-04-06 16:26:47] (thread id = 6) Full Trace: Ignoring header "Expires"
[2017-04-06 16:26:47] (thread id = 6) Full Trace: Ignoring header "Last-Modified"
[2017-04-06 16:26:47] (thread id = 6) Full Trace: Ignoring header "Content-Type"
[2017-04-06 16:26:47] (thread id = 6) Full Trace: Ignoring header "Content-Length"
[2017-04-06 16:26:47] (thread id = 6) Full Trace: Ignoring header "Content-Encoding"
[2017-04-06 16:26:47] (thread id = 6) Internal Error: GetCommonFormat() failed to find common format returning "Raw"
[2017-04-06 16:26:47] (thread id = 6) Full Trace: Comparing header "X-NWS-LOG-UUID" in format "Raw"
[2017-04-06 16:26:47] (thread id = 6) Full Trace: GetCommonFormat() found common format "Raw"
[2017-04-06 16:26:47] (thread id = 6) Full Trace: Comparing header "X-Cache-Lookup" in format "Raw"
[2017-04-06 16:26:47] (thread id = 6) Full Trace: Comparing values "Hit From Disktank Gz" and "Hit From Disktank Gz" as text
[2017-04-06 16:26:47] (thread id = 6) Full Trace: Starting to convert 0 text diffs to locators
[2017-04-06 16:26:47] (thread id = 6) Full Trace: Found 0 text diffs in headers
[2017-04-06 16:26:47] (thread id = 6) Full Trace: The comparer HP.LoadRunner.CorrelationFramework.HttpHeadersComparer returned 0 diffs
[2017-04-06 16:26:47] (thread id = 6) Full Trace: Comparing cookies for tasks: 24 and 5
[2017-04-06 16:26:47] (thread id = 6) Full Trace: The comparer HP.LoadRunner.CorrelationFramework.CookiesComparer returned 0 diffs
[2017-04-06 16:26:47] (thread id = 6) Full Trace: The comparer HP.LoadRunner.CorrelationFramework.IrrelevantDataNullComparer returned 0 diffs
[2017-04-06 16:26:47] (thread id = 6) Full Trace: Comparing HTTP body for tasks: 24 and 5
[2017-04-06 16:26:47] (thread id = 6) Full Trace: GetCommonFormat() found common format "Raw"
[2017-04-06 16:26:47] (thread id = 6) Full Trace: Ignoring content type "application/x-javascript"
[2017-04-06 16:26:47] (thread id = 6) Full Trace: The comparer HP.LoadRunner.CorrelationFramework.HttpBodyComparer returned 0 diffs
[2017-04-06 16:26:47] (thread id = 6) Full Trace: WebCorrelationScanner.CompareMatchedTasks(25, 6)
[2017-04-06 16:26:47] (thread id = 6) Full Trace: Starting comparison with 4 comparers
[2017-04-06 16:26:47] (thread id = 6) Full Trace: Comparing headers for tasks: 25 and 6
[2017-04-06 16:26:47] (thread id = 6) Full Trace: Comparing 11 headers
[2017-04-06 16:26:47] (thread id = 6) Full Trace: Ignoring header "Server"
[2017-04-06 16:26:47] (thread id = 6) Full Trace: GetCommonFormat() found common format "Raw"
[2017-04-06 16:26:47] (thread id = 6) Full Trace: Comparing header "Connection" in format "Raw"
[2017-04-06 16:26:47] (thread id = 6) Full Trace: Comparing values "keep-alive" and "keep-alive" as text
[2017-04-06 16:26:47] (thread id = 6) Full Trace: Starting to convert 0 text diffs to locators
[2017-04-06 16:26:47] (thread id = 6) Full Trace: Ignoring header "Date"
[2017-04-06 16:26:47] (thread id = 6) Full Trace: Ignoring header "Cache-Control"
[2017-04-06 16:26:47] (thread id = 6) Full Trace: Ignoring header "Expires"
[2017-04-06 16:26:47] (thread id = 6) Full Trace: Ignoring header "Last-Modified"
[2017-04-06 16:26:47] (thread id = 6) Full Trace: Ignoring header "Content-Type"
[2017-04-06 16:26:47] (thread id = 6) Full Trace: Ignoring header "Content-Length"
[2017-04-06 16:26:47] (thread id = 6) Full Trace: Ignoring header "Content-Encoding"
[2017-04-06 16:26:47] (thread id = 6) Internal Error: GetCommonFormat() failed to find common format returning "Raw"
[2017-04-06 16:26:47] (thread id = 6) Full Trace: Comparing header "X-NWS-LOG-UUID" in format "Raw"
[2017-04-06 16:26:47] (thread id = 6) Full Trace: GetCommonFormat() found common format "Raw"
[2017-04-06 16:26:47] (thread id = 6) Full Trace: Comparing header "X-Cache-Lookup" in format "Raw"
[2017-04-06 16:26:47] (thread id = 6) Full Trace: Comparing values "Hit From Disktank Gz" and "Hit From Disktank Gz" as text
[2017-04-06 16:26:47] (thread id = 6) Full Trace: Starting to convert 0 text diffs to locators
[2017-04-06 16:26:47] (thread id = 6) Full Trace: Found 0 text diffs in headers
[2017-04-06 16:26:47] (thread id = 6) Full Trace: The comparer HP.LoadRunner.CorrelationFramework.HttpHeadersComparer returned 0 diffs
[2017-04-06 16:26:47] (thread id = 6) Full Trace: Comparing cookies for tasks: 25 and 6
[2017-04-06 16:26:47] (thread id = 6) Full Trace: The comparer HP.LoadRunner.CorrelationFramework.CookiesComparer returned 0 diffs
[2017-04-06 16:26:47] (thread id = 6) Full Trace: The comparer HP.LoadRunner.CorrelationFramework.IrrelevantDataNullComparer returned 0 diffs
[2017-04-06 16:26:47] (thread id = 6) Full Trace: Comparing HTTP body for tasks: 25 and 6
[2017-04-06 16:26:47] (thread id = 6) Full Trace: GetCommonFormat() found common format "Raw"
[2017-04-06 16:26:47] (thread id = 6) Full Trace: Ignoring content type "application/x-javascript"
[2017-04-06 16:26:47] (thread id = 6) Full Trace: The comparer HP.LoadRunner.CorrelationFramework.HttpBodyComparer returned 0 diffs
[2017-04-06 16:26:48] (thread id = 6) Full Trace: WebCorrelationScanner.CompareMatchedTasks(30, 7)
[2017-04-06 16:26:48] (thread id = 6) Full Trace: Starting comparison with 4 comparers
[2017-04-06 16:26:48] (thread id = 6) Full Trace: Comparing headers for tasks: 30 and 7
[2017-04-06 16:26:48] (thread id = 6) Full Trace: Comparing 7 headers
[2017-04-06 16:26:48] (thread id = 6) Full Trace: Ignoring header "Server"
[2017-04-06 16:26:48] (thread id = 6) Full Trace: Ignoring header "Date"
[2017-04-06 16:26:48] (thread id = 6) Full Trace: Ignoring header "Content-Type"
[2017-04-06 16:26:48] (thread id = 6) Full Trace: Ignoring header "Content-Length"
[2017-04-06 16:26:48] (thread id = 6) Full Trace: GetCommonFormat() found common format "Raw"
[2017-04-06 16:26:48] (thread id = 6) Full Trace: Comparing header "Connection" in format "Raw"
[2017-04-06 16:26:48] (thread id = 6) Full Trace: Comparing values "keep-alive" and "keep-alive" as text
[2017-04-06 16:26:48] (thread id = 6) Full Trace: Starting to convert 0 text diffs to locators
[2017-04-06 16:26:48] (thread id = 6) Full Trace: Ignoring header "Cache-Control"
[2017-04-06 16:26:48] (thread id = 6) Full Trace: Ignoring header "Pragma"
[2017-04-06 16:26:48] (thread id = 6) Full Trace: Found 0 text diffs in headers
[2017-04-06 16:26:48] (thread id = 6) Full Trace: The comparer HP.LoadRunner.CorrelationFramework.HttpHeadersComparer returned 0 diffs
[2017-04-06 16:26:48] (thread id = 6) Full Trace: Comparing cookies for tasks: 30 and 7
[2017-04-06 16:26:48] (thread id = 6) Full Trace: The comparer HP.LoadRunner.CorrelationFramework.CookiesComparer returned 0 diffs
[2017-04-06 16:26:48] (thread id = 6) Full Trace: The comparer HP.LoadRunner.CorrelationFramework.IrrelevantDataNullComparer returned 0 diffs
[2017-04-06 16:26:48] (thread id = 6) Full Trace: Comparing HTTP body for tasks: 30 and 7
[2017-04-06 16:26:48] (thread id = 6) Full Trace: no HTTP body to compare
[2017-04-06 16:26:48] (thread id = 6) Full Trace: The comparer HP.LoadRunner.CorrelationFramework.HttpBodyComparer returned 0 diffs
[2017-04-06 16:26:48] (thread id = 6) Full Trace: WebCorrelationScanner.CompareMatchedTasks(31, 8)
[2017-04-06 16:26:48] (thread id = 6) Full Trace: Starting comparison with 4 comparers
[2017-04-06 16:26:48] (thread id = 6) Full Trace: Comparing headers for tasks: 31 and 8
[2017-04-06 16:26:48] (thread id = 6) Full Trace: Comparing 11 headers
[2017-04-06 16:26:48] (thread id = 6) Full Trace: Ignoring header "Server"
[2017-04-06 16:26:48] (thread id = 6) Full Trace: GetCommonFormat() found common format "Raw"
[2017-04-06 16:26:48] (thread id = 6) Full Trace: Comparing header "Connection" in format "Raw"
[2017-04-06 16:26:48] (thread id = 6) Full Trace: Comparing values "keep-alive" and "keep-alive" as text
[2017-04-06 16:26:48] (thread id = 6) Full Trace: Starting to convert 0 text diffs to locators
[2017-04-06 16:26:48] (thread id = 6) Full Trace: Ignoring header "Date"
[2017-04-06 16:26:48] (thread id = 6) Full Trace: Ignoring header "Cache-Control"
[2017-04-06 16:26:48] (thread id = 6) Full Trace: Ignoring header "Expires"
[2017-04-06 16:26:48] (thread id = 6) Full Trace: Ignoring header "Last-Modified"
[2017-04-06 16:26:48] (thread id = 6) Full Trace: Ignoring header "Content-Type"
[2017-04-06 16:26:48] (thread id = 6) Full Trace: Ignoring header "Content-Length"
[2017-04-06 16:26:48] (thread id = 6) Full Trace: Ignoring header "Content-Encoding"
[2017-04-06 16:26:48] (thread id = 6) Internal Error: GetCommonFormat() failed to find common format returning "Raw"
[2017-04-06 16:26:48] (thread id = 6) Full Trace: Comparing header "X-NWS-LOG-UUID" in format "Raw"
[2017-04-06 16:26:48] (thread id = 6) Full Trace: GetCommonFormat() found common format "Raw"
[2017-04-06 16:26:48] (thread id = 6) Full Trace: Comparing header "X-Cache-Lookup" in format "Raw"
[2017-04-06 16:26:48] (thread id = 6) Full Trace: Comparing values "Hit From Disktank Gz" and "Hit From Disktank Gz" as text
[2017-04-06 16:26:48] (thread id = 6) Full Trace: Starting to convert 0 text diffs to locators
[2017-04-06 16:26:48] (thread id = 6) Full Trace: Found 0 text diffs in headers
[2017-04-06 16:26:48] (thread id = 6) Full Trace: The comparer HP.LoadRunner.CorrelationFramework.HttpHeadersComparer returned 0 diffs
[2017-04-06 16:26:48] (thread id = 6) Full Trace: Comparing cookies for tasks: 31 and 8
[2017-04-06 16:26:48] (thread id = 6) Full Trace: The comparer HP.LoadRunner.CorrelationFramework.CookiesComparer returned 0 diffs
[2017-04-06 16:26:48] (thread id = 6) Full Trace: The comparer HP.LoadRunner.CorrelationFramework.IrrelevantDataNullComparer returned 0 diffs
[2017-04-06 16:26:48] (thread id = 6) Full Trace: Comparing HTTP body for tasks: 31 and 8
[2017-04-06 16:26:48] (thread id = 6) Full Trace: GetCommonFormat() found common format "Raw"
[2017-04-06 16:26:48] (thread id = 6) Full Trace: Ignoring content type "application/x-javascript"
[2017-04-06 16:26:48] (thread id = 6) Full Trace: The comparer HP.LoadRunner.CorrelationFramework.HttpBodyComparer returned 0 diffs
[2017-04-06 16:26:49] (thread id = 6) Full Trace: WebCorrelationScanner.CompareMatchedTasks(32, 9)
[2017-04-06 16:26:49] (thread id = 6) Full Trace: Starting comparison with 4 comparers
[2017-04-06 16:26:49] (thread id = 6) Full Trace: Comparing headers for tasks: 32 and 9
[2017-04-06 16:26:49] (thread id = 6) Full Trace: Comparing 11 headers
[2017-04-06 16:26:49] (thread id = 6) Full Trace: Ignoring header "Server"
[2017-04-06 16:26:49] (thread id = 6) Full Trace: GetCommonFormat() found common format "Raw"
[2017-04-06 16:26:49] (thread id = 6) Full Trace: Comparing header "Connection" in format "Raw"
[2017-04-06 16:26:49] (thread id = 6) Full Trace: Comparing values "keep-alive" and "keep-alive" as text
[2017-04-06 16:26:49] (thread id = 6) Full Trace: Starting to convert 0 text diffs to locators
[2017-04-06 16:26:49] (thread id = 6) Full Trace: Ignoring header "Date"
[2017-04-06 16:26:49] (thread id = 6) Full Trace: Ignoring header "Cache-Control"
[2017-04-06 16:26:49] (thread id = 6) Full Trace: Ignoring header "Expires"
[2017-04-06 16:26:49] (thread id = 6) Full Trace: Ignoring header "Last-Modified"
[2017-04-06 16:26:49] (thread id = 6) Full Trace: Ignoring header "Content-Type"
[2017-04-06 16:26:49] (thread id = 6) Full Trace: Ignoring header "Content-Length"
[2017-04-06 16:26:49] (thread id = 6) Full Trace: Ignoring header "Content-Encoding"
[2017-04-06 16:26:49] (thread id = 6) Internal Error: GetCommonFormat() failed to find common format returning "Raw"
[2017-04-06 16:26:49] (thread id = 6) Full Trace: Comparing header "X-NWS-LOG-UUID" in format "Raw"
[2017-04-06 16:26:49] (thread id = 6) Full Trace: GetCommonFormat() found common format "Raw"
[2017-04-06 16:26:49] (thread id = 6) Full Trace: Comparing header "X-Cache-Lookup" in format "Raw"
[2017-04-06 16:26:49] (thread id = 6) Full Trace: Comparing values "Hit From Disktank Gz" and "Hit From Disktank Gz" as text
[2017-04-06 16:26:49] (thread id = 6) Full Trace: Starting to convert 0 text diffs to locators
[2017-04-06 16:26:49] (thread id = 6) Full Trace: Found 0 text diffs in headers
[2017-04-06 16:26:49] (thread id = 6) Full Trace: The comparer HP.LoadRunner.CorrelationFramework.HttpHeadersComparer returned 0 diffs
[2017-04-06 16:26:49] (thread id = 6) Full Trace: Comparing cookies for tasks: 32 and 9
[2017-04-06 16:26:49] (thread id = 6) Full Trace: The comparer HP.LoadRunner.CorrelationFramework.CookiesComparer returned 0 diffs
[2017-04-06 16:26:49] (thread id = 6) Full Trace: The comparer HP.LoadRunner.CorrelationFramework.IrrelevantDataNullComparer returned 0 diffs
[2017-04-06 16:26:49] (thread id = 6) Full Trace: Comparing HTTP body for tasks: 32 and 9
[2017-04-06 16:26:49] (thread id = 6) Full Trace: GetCommonFormat() found common format "Raw"
[2017-04-06 16:26:49] (thread id = 6) Full Trace: Ignoring content type "application/x-javascript"
[2017-04-06 16:26:49] (thread id = 6) Full Trace: The comparer HP.LoadRunner.CorrelationFramework.HttpBodyComparer returned 0 diffs
[2017-04-06 16:26:49] (thread id = 1) Notify: Applying Post Filters succeeded.
[2017-04-06 16:27:22] (thread id = 6) Full Trace: WebCorrelationScanner.ScanStepForCorrelation(C:\Users\Administrator\AppData\Local\Temp\noname5\data\t1.inf, C:\Users\Administrator\AppData\Local\Temp\noname5\result1\Iteration1\t3.inf)
[2017-04-06 16:27:22] (thread id = 7) Full Trace: WebCorrelationScanner.ScanStepForCorrelation(C:\Users\Administrator\AppData\Local\Temp\noname5\data\t2.inf, C:\Users\Administrator\AppData\Local\Temp\noname5\result1\Iteration1\t4.inf)
[2017-04-06 16:27:22] (thread id = 4) Full Trace: WebCorrelationScanner.ScanStepForCorrelation(C:\Users\Administrator\AppData\Local\Temp\noname5\data\t3.inf, C:\Users\Administrator\AppData\Local\Temp\noname5\result1\Iteration1\t5.inf)
[2017-04-06 16:27:23] (thread id = 4) Full Trace: WebCorrelationScanner.CompareMatchedTasks(55, 17)
[2017-04-06 16:27:23] (thread id = 4) Full Trace: Starting comparison with 4 comparers
[2017-04-06 16:27:23] (thread id = 4) Full Trace: Comparing headers for tasks: 55 and 17
[2017-04-06 16:27:23] (thread id = 4) Full Trace: Comparing 7 headers
[2017-04-06 16:27:23] (thread id = 4) Full Trace: Ignoring header "Server"
[2017-04-06 16:27:23] (thread id = 4) Full Trace: Ignoring header "Date"
[2017-04-06 16:27:23] (thread id = 4) Full Trace: Ignoring header "Cache-control"
[2017-04-06 16:27:23] (thread id = 4) Full Trace: Ignoring header "Expires"
[2017-04-06 16:27:23] (thread id = 4) Full Trace: Ignoring header "Content-length"
[2017-04-06 16:27:23] (thread id = 4) Full Trace: Ignoring header "Content-type"
[2017-04-06 16:27:23] (thread id = 4) Full Trace: Ignoring header "Set-cookie"
[2017-04-06 16:27:23] (thread id = 4) Full Trace: Found 0 text diffs in headers
[2017-04-06 16:27:23] (thread id = 4) Full Trace: The comparer HP.LoadRunner.CorrelationFramework.HttpHeadersComparer returned 0 diffs
[2017-04-06 16:27:23] (thread id = 4) Full Trace: Comparing cookies for tasks: 55 and 17
[2017-04-06 16:27:23] (thread id = 4) Full Trace: The comparer HP.LoadRunner.CorrelationFramework.CookiesComparer returned 0 diffs
[2017-04-06 16:27:23] (thread id = 4) Full Trace: The comparer HP.LoadRunner.CorrelationFramework.IrrelevantDataNullComparer returned 0 diffs
[2017-04-06 16:27:23] (thread id = 4) Full Trace: Comparing HTTP body for tasks: 55 and 17
[2017-04-06 16:27:23] (thread id = 4) Full Trace: GetCommonFormat() found common format "Raw"
[2017-04-06 16:27:23] (thread id = 4) Full Trace: Comparing HTTP body in format "Raw" as text
[2017-04-06 16:27:23] (thread id = 4) Full Trace: Starting to convert 0 text diffs to locators
[2017-04-06 16:27:23] (thread id = 4) Full Trace: Found 0 diffs in HTTP body
[2017-04-06 16:27:23] (thread id = 4) Full Trace: The comparer HP.LoadRunner.CorrelationFramework.HttpBodyComparer returned 0 diffs
[2017-04-06 16:27:23] (thread id = 6) Full Trace: WebCorrelationScanner.CompareMatchedTasks(4, 1)
[2017-04-06 16:27:23] (thread id = 6) Full Trace: Starting comparison with 4 comparers
[2017-04-06 16:27:23] (thread id = 6) Full Trace: Comparing headers for tasks: 4 and 1
[2017-04-06 16:27:23] (thread id = 6) Full Trace: Comparing 5 headers
[2017-04-06 16:27:23] (thread id = 6) Full Trace: Ignoring header "Server"
[2017-04-06 16:27:23] (thread id = 6) Full Trace: Ignoring header "Date"
[2017-04-06 16:27:23] (thread id = 6) Full Trace: Ignoring header "Content-type"
[2017-04-06 16:27:23] (thread id = 6) Full Trace: Ignoring header "Content-length"
[2017-04-06 16:27:23] (thread id = 6) Full Trace: Ignoring header "Last-modified"
[2017-04-06 16:27:23] (thread id = 6) Full Trace: Found 0 text diffs in headers
[2017-04-06 16:27:23] (thread id = 6) Full Trace: The comparer HP.LoadRunner.CorrelationFramework.HttpHeadersComparer returned 0 diffs
[2017-04-06 16:27:23] (thread id = 6) Full Trace: Comparing cookies for tasks: 4 and 1
[2017-04-06 16:27:23] (thread id = 6) Full Trace: The comparer HP.LoadRunner.CorrelationFramework.CookiesComparer returned 0 diffs
[2017-04-06 16:27:23] (thread id = 6) Full Trace: The comparer HP.LoadRunner.CorrelationFramework.IrrelevantDataNullComparer returned 0 diffs
[2017-04-06 16:27:23] (thread id = 6) Full Trace: Comparing HTTP body for tasks: 4 and 1
[2017-04-06 16:27:23] (thread id = 6) Full Trace: GetCommonFormat() found common format "Raw"
[2017-04-06 16:27:23] (thread id = 6) Full Trace: Comparing HTTP body in format "Raw" as text
[2017-04-06 16:27:23] (thread id = 6) Full Trace: Starting to convert 0 text diffs to locators
[2017-04-06 16:27:23] (thread id = 6) Full Trace: Found 0 diffs in HTTP body
[2017-04-06 16:27:23] (thread id = 6) Full Trace: The comparer HP.LoadRunner.CorrelationFramework.HttpBodyComparer returned 0 diffs
[2017-04-06 16:27:23] (thread id = 7) Full Trace: WebCorrelationScanner.CompareMatchedTasks(40, 16)
[2017-04-06 16:27:23] (thread id = 7) Full Trace: Starting comparison with 4 comparers
[2017-04-06 16:27:23] (thread id = 7) Full Trace: Comparing headers for tasks: 40 and 16
[2017-04-06 16:27:23] (thread id = 7) Full Trace: Comparing 7 headers
[2017-04-06 16:27:23] (thread id = 7) Full Trace: Ignoring header "Server"
[2017-04-06 16:27:23] (thread id = 7) Full Trace: Ignoring header "Date"
[2017-04-06 16:27:23] (thread id = 7) Full Trace: Ignoring header "Cache-control"
[2017-04-06 16:27:23] (thread id = 7) Full Trace: Ignoring header "Expires"
[2017-04-06 16:27:23] (thread id = 7) Full Trace: Ignoring header "Content-length"
[2017-04-06 16:27:23] (thread id = 7) Full Trace: Ignoring header "Content-type"
[2017-04-06 16:27:23] (thread id = 7) Full Trace: Ignoring header "Set-cookie"
[2017-04-06 16:27:23] (thread id = 7) Full Trace: Found 0 text diffs in headers
[2017-04-06 16:27:23] (thread id = 7) Full Trace: The comparer HP.LoadRunner.CorrelationFramework.HttpHeadersComparer returned 0 diffs
[2017-04-06 16:27:23] (thread id = 7) Full Trace: Comparing cookies for tasks: 40 and 16
[2017-04-06 16:27:23] (thread id = 7) Full Trace: The comparer HP.LoadRunner.CorrelationFramework.CookiesComparer returned 0 diffs
[2017-04-06 16:27:23] (thread id = 7) Full Trace: The comparer HP.LoadRunner.CorrelationFramework.IrrelevantDataNullComparer returned 0 diffs
[2017-04-06 16:27:23] (thread id = 7) Full Trace: Comparing HTTP body for tasks: 40 and 16
[2017-04-06 16:27:23] (thread id = 7) Full Trace: GetCommonFormat() found common format "Raw"
[2017-04-06 16:27:23] (thread id = 7) Full Trace: Comparing HTTP body in format "Raw" as text
[2017-04-06 16:27:23] (thread id = 7) Full Trace: Comparing tasks of size 419 bytes and 777 bytes has taken 15ms.
[2017-04-06 16:27:23] (thread id = 7) Full Trace: Starting to convert 13 text diffs to locators
[2017-04-06 16:27:23] (thread id = 7) Full Trace: Ignoring diff of length 1
[2017-04-06 16:27:23] (thread id = 7) Full Trace: Ignoring diff of length 1
[2017-04-06 16:27:23] (thread id = 7) Full Trace: Ignoring diff of length 1
[2017-04-06 16:27:23] (thread id = 7) Full Trace: Found 10 diffs in HTTP body
[2017-04-06 16:27:23] (thread id = 7) Full Trace: The comparer HP.LoadRunner.CorrelationFramework.HttpBodyComparer returned 10 diffs
[2017-04-06 16:27:23] (thread id = 4) Full Trace: WebCorrelationScanner.CompareMatchedTasks(57, 18)
[2017-04-06 16:27:23] (thread id = 4) Full Trace: Starting comparison with 4 comparers
[2017-04-06 16:27:23] (thread id = 4) Full Trace: Comparing headers for tasks: 57 and 18
[2017-04-06 16:27:23] (thread id = 4) Full Trace: Comparing 6 headers
[2017-04-06 16:27:23] (thread id = 4) Full Trace: Ignoring header "Server"
[2017-04-06 16:27:23] (thread id = 4) Full Trace: Ignoring header "Date"
[2017-04-06 16:27:23] (thread id = 4) Full Trace: Ignoring header "Cache-control"
[2017-04-06 16:27:23] (thread id = 4) Full Trace: Ignoring header "Expires"
[2017-04-06 16:27:23] (thread id = 4) Full Trace: Ignoring header "Content-length"
[2017-04-06 16:27:23] (thread id = 4) Full Trace: Ignoring header "Content-type"
[2017-04-06 16:27:23] (thread id = 4) Full Trace: Found 0 text diffs in headers
[2017-04-06 16:27:23] (thread id = 4) Full Trace: The comparer HP.LoadRunner.CorrelationFramework.HttpHeadersComparer returned 0 diffs
[2017-04-06 16:27:23] (thread id = 4) Full Trace: Comparing cookies for tasks: 57 and 18
[2017-04-06 16:27:23] (thread id = 4) Full Trace: The comparer HP.LoadRunner.CorrelationFramework.CookiesComparer returned 0 diffs
[2017-04-06 16:27:23] (thread id = 4) Full Trace: The comparer HP.LoadRunner.CorrelationFramework.IrrelevantDataNullComparer returned 0 diffs
[2017-04-06 16:27:23] (thread id = 4) Full Trace: Comparing HTTP body for tasks: 57 and 18
[2017-04-06 16:27:23] (thread id = 4) Full Trace: GetCommonFormat() found common format "Raw"
[2017-04-06 16:27:23] (thread id = 4) Full Trace: Comparing HTTP body in format "Raw" as text
[2017-04-06 16:27:23] (thread id = 4) Full Trace: Comparing tasks of size 34 bytes and 33 bytes has taken 0ms.
[2017-04-06 16:27:23] (thread id = 4) Full Trace: Starting to convert 4 text diffs to locators
[2017-04-06 16:27:23] (thread id = 6) Full Trace: WebCorrelationScanner.CompareMatchedTasks(5, 2)
[2017-04-06 16:27:23] (thread id = 6) Full Trace: Starting comparison with 4 comparers
[2017-04-06 16:27:23] (thread id = 6) Full Trace: Comparing headers for tasks: 5 and 2
[2017-04-06 16:27:23] (thread id = 6) Full Trace: Comparing 5 headers
[2017-04-06 16:27:23] (thread id = 6) Full Trace: Ignoring header "Server"
[2017-04-06 16:27:23] (thread id = 6) Full Trace: Ignoring header "Date"
[2017-04-06 16:27:23] (thread id = 6) Full Trace: Ignoring header "Content-type"
[2017-04-06 16:27:23] (thread id = 6) Full Trace: Ignoring header "Content-length"
[2017-04-06 16:27:23] (thread id = 6) Full Trace: Ignoring header "Last-modified"
[2017-04-06 16:27:23] (thread id = 6) Full Trace: Found 0 text diffs in headers
[2017-04-06 16:27:23] (thread id = 6) Full Trace: The comparer HP.LoadRunner.CorrelationFramework.HttpHeadersComparer returned 0 diffs
[2017-04-06 16:27:23] (thread id = 6) Full Trace: Comparing cookies for tasks: 5 and 2
[2017-04-06 16:27:23] (thread id = 6) Full Trace: The comparer HP.LoadRunner.CorrelationFramework.CookiesComparer returned 0 diffs
[2017-04-06 16:27:23] (thread id = 6) Full Trace: The comparer HP.LoadRunner.CorrelationFramework.IrrelevantDataNullComparer returned 0 diffs
[2017-04-06 16:27:23] (thread id = 6) Full Trace: Comparing HTTP body for tasks: 5 and 2
[2017-04-06 16:27:23] (thread id = 6) Full Trace: GetCommonFormat() found common format "Raw"
[2017-04-06 16:27:23] (thread id = 6) Full Trace: Comparing HTTP body in format "Raw" as text
[2017-04-06 16:27:23] (thread id = 6) Full Trace: Starting to convert 0 text diffs to locators
[2017-04-06 16:27:23] (thread id = 6) Full Trace: Found 0 diffs in HTTP body
[2017-04-06 16:27:23] (thread id = 6) Full Trace: The comparer HP.LoadRunner.CorrelationFramework.HttpBodyComparer returned 0 diffs
[2017-04-06 16:27:23] (thread id = 4) Full Trace: Ignoring diff of length 1
[2017-04-06 16:27:23] (thread id = 4) Full Trace: Ignoring diff of length 0
[2017-04-06 16:27:23] (thread id = 4) Full Trace: Ignoring diff of length 3
[2017-04-06 16:27:23] (thread id = 4) Full Trace: Found 1 diffs in HTTP body
[2017-04-06 16:27:23] (thread id = 4) Full Trace: The comparer HP.LoadRunner.CorrelationFramework.HttpBodyComparer returned 1 diffs
[2017-04-06 16:27:24] (thread id = 6) Full Trace: WebCorrelationScanner.CompareMatchedTasks(8, 10)
[2017-04-06 16:27:24] (thread id = 6) Full Trace: Starting comparison with 4 comparers
[2017-04-06 16:27:24] (thread id = 6) Full Trace: Comparing headers for tasks: 8 and 10
[2017-04-06 16:27:24] (thread id = 6) Full Trace: Comparing 5 headers
[2017-04-06 16:27:24] (thread id = 6) Full Trace: Ignoring header "Server"
[2017-04-06 16:27:24] (thread id = 6) Full Trace: Ignoring header "Date"
[2017-04-06 16:27:24] (thread id = 6) Full Trace: Ignoring header "Content-type"
[2017-04-06 16:27:24] (thread id = 6) Full Trace: Ignoring header "Content-length"
[2017-04-06 16:27:24] (thread id = 6) Full Trace: Ignoring header "Last-modified"
[2017-04-06 16:27:24] (thread id = 6) Full Trace: Found 0 text diffs in headers
[2017-04-06 16:27:24] (thread id = 6) Full Trace: The comparer HP.LoadRunner.CorrelationFramework.HttpHeadersComparer returned 0 diffs
[2017-04-06 16:27:24] (thread id = 6) Full Trace: Comparing cookies for tasks: 8 and 10
[2017-04-06 16:27:24] (thread id = 6) Full Trace: The comparer HP.LoadRunner.CorrelationFramework.CookiesComparer returned 0 diffs
[2017-04-06 16:27:24] (thread id = 6) Full Trace: The comparer HP.LoadRunner.CorrelationFramework.IrrelevantDataNullComparer returned 0 diffs
[2017-04-06 16:27:24] (thread id = 6) Full Trace: Comparing HTTP body for tasks: 8 and 10
[2017-04-06 16:27:24] (thread id = 6) Full Trace: GetCommonFormat() found common format "Raw"
[2017-04-06 16:27:24] (thread id = 6) Full Trace: Ignoring content type "image/png"
[2017-04-06 16:27:24] (thread id = 6) Full Trace: The comparer HP.LoadRunner.CorrelationFramework.HttpBodyComparer returned 0 diffs
[2017-04-06 16:27:25] (thread id = 6) Full Trace: WebCorrelationScanner.CompareMatchedTasks(11, 3)
[2017-04-06 16:27:25] (thread id = 6) Full Trace: Starting comparison with 4 comparers
[2017-04-06 16:27:25] (thread id = 6) Full Trace: Comparing headers for tasks: 11 and 3
[2017-04-06 16:27:25] (thread id = 6) Full Trace: Comparing 7 headers
[2017-04-06 16:27:25] (thread id = 6) Full Trace: Ignoring header "Server"
[2017-04-06 16:27:25] (thread id = 6) Full Trace: Ignoring header "Date"
[2017-04-06 16:27:25] (thread id = 6) Full Trace: Ignoring header "Cache-control"
[2017-04-06 16:27:25] (thread id = 6) Full Trace: Ignoring header "Expires"
[2017-04-06 16:27:25] (thread id = 6) Full Trace: Ignoring header "Content-length"
[2017-04-06 16:27:25] (thread id = 6) Full Trace: Ignoring header "Content-type"
[2017-04-06 16:27:25] (thread id = 6) Full Trace: Ignoring header "Set-cookie"
[2017-04-06 16:27:25] (thread id = 6) Full Trace: Found 0 text diffs in headers
[2017-04-06 16:27:25] (thread id = 6) Full Trace: The comparer HP.LoadRunner.CorrelationFramework.HttpHeadersComparer returned 0 diffs
[2017-04-06 16:27:25] (thread id = 6) Full Trace: Comparing cookies for tasks: 11 and 3
[2017-04-06 16:27:25] (thread id = 6) Full Trace: The comparer HP.LoadRunner.CorrelationFramework.CookiesComparer returned 0 diffs
[2017-04-06 16:27:25] (thread id = 6) Full Trace: The comparer HP.LoadRunner.CorrelationFramework.IrrelevantDataNullComparer returned 0 diffs
[2017-04-06 16:27:25] (thread id = 6) Full Trace: Comparing HTTP body for tasks: 11 and 3
[2017-04-06 16:27:25] (thread id = 6) Full Trace: GetCommonFormat() found common format "Raw"
[2017-04-06 16:27:25] (thread id = 6) Full Trace: Comparing HTTP body in format "Raw" as text
[2017-04-06 16:27:25] (thread id = 6) Full Trace: Starting to convert 0 text diffs to locators
[2017-04-06 16:27:25] (thread id = 6) Full Trace: Found 0 diffs in HTTP body
[2017-04-06 16:27:25] (thread id = 6) Full Trace: The comparer HP.LoadRunner.CorrelationFramework.HttpBodyComparer returned 0 diffs
[2017-04-06 16:27:25] (thread id = 6) Full Trace: WebCorrelationScanner.CompareMatchedTasks(13, 13)
[2017-04-06 16:27:25] (thread id = 6) Full Trace: Starting comparison with 4 comparers
[2017-04-06 16:27:25] (thread id = 6) Full Trace: Comparing headers for tasks: 13 and 13
[2017-04-06 16:27:25] (thread id = 6) Full Trace: Comparing 5 headers
[2017-04-06 16:27:25] (thread id = 6) Full Trace: Ignoring header "Server"
[2017-04-06 16:27:25] (thread id = 6) Full Trace: Ignoring header "Date"
[2017-04-06 16:27:25] (thread id = 6) Full Trace: Ignoring header "Content-type"
[2017-04-06 16:27:25] (thread id = 6) Full Trace: Ignoring header "Content-length"
[2017-04-06 16:27:25] (thread id = 6) Full Trace: Ignoring header "Last-modified"
[2017-04-06 16:27:25] (thread id = 6) Full Trace: Found 0 text diffs in headers
[2017-04-06 16:27:25] (thread id = 6) Full Trace: The comparer HP.LoadRunner.CorrelationFramework.HttpHeadersComparer returned 0 diffs
[2017-04-06 16:27:25] (thread id = 6) Full Trace: Comparing cookies for tasks: 13 and 13
[2017-04-06 16:27:25] (thread id = 6) Full Trace: The comparer HP.LoadRunner.CorrelationFramework.CookiesComparer returned 0 diffs
[2017-04-06 16:27:25] (thread id = 6) Full Trace: The comparer HP.LoadRunner.CorrelationFramework.IrrelevantDataNullComparer returned 0 diffs
[2017-04-06 16:27:25] (thread id = 6) Full Trace: Comparing HTTP body for tasks: 13 and 13
[2017-04-06 16:27:25] (thread id = 6) Full Trace: GetCommonFormat() found common format "Raw"
[2017-04-06 16:27:25] (thread id = 6) Full Trace: Comparing HTTP body in format "Raw" as text
[2017-04-06 16:27:25] (thread id = 6) Full Trace: Starting to convert 0 text diffs to locators
[2017-04-06 16:27:25] (thread id = 6) Full Trace: Found 0 diffs in HTTP body
[2017-04-06 16:27:25] (thread id = 6) Full Trace: The comparer HP.LoadRunner.CorrelationFramework.HttpBodyComparer returned 0 diffs
[2017-04-06 16:27:26] (thread id = 6) Full Trace: WebCorrelationScanner.CompareMatchedTasks(14, 12)
[2017-04-06 16:27:26] (thread id = 6) Full Trace: Starting comparison with 4 comparers
[2017-04-06 16:27:26] (thread id = 6) Full Trace: Comparing headers for tasks: 14 and 12
[2017-04-06 16:27:26] (thread id = 6) Full Trace: Comparing 6 headers
[2017-04-06 16:27:26] (thread id = 6) Full Trace: Ignoring header "Server"
[2017-04-06 16:27:26] (thread id = 6) Full Trace: Ignoring header "Date"
[2017-04-06 16:27:26] (thread id = 6) Full Trace: Ignoring header "Cache-control"
[2017-04-06 16:27:26] (thread id = 6) Full Trace: Ignoring header "Expires"
[2017-04-06 16:27:26] (thread id = 6) Full Trace: Ignoring header "Content-length"
[2017-04-06 16:27:26] (thread id = 6) Full Trace: Ignoring header "Content-type"
[2017-04-06 16:27:26] (thread id = 6) Full Trace: Found 0 text diffs in headers
[2017-04-06 16:27:26] (thread id = 6) Full Trace: The comparer HP.LoadRunner.CorrelationFramework.HttpHeadersComparer returned 0 diffs
[2017-04-06 16:27:26] (thread id = 6) Full Trace: Comparing cookies for tasks: 14 and 12
[2017-04-06 16:27:26] (thread id = 6) Full Trace: The comparer HP.LoadRunner.CorrelationFramework.CookiesComparer returned 0 diffs
[2017-04-06 16:27:26] (thread id = 6) Full Trace: The comparer HP.LoadRunner.CorrelationFramework.IrrelevantDataNullComparer returned 0 diffs
[2017-04-06 16:27:26] (thread id = 6) Full Trace: Comparing HTTP body for tasks: 14 and 12
[2017-04-06 16:27:26] (thread id = 6) Full Trace: GetCommonFormat() found common format "Raw"
[2017-04-06 16:27:26] (thread id = 6) Full Trace: Comparing HTTP body in format "Raw" as text
[2017-04-06 16:27:26] (thread id = 6) Full Trace: Comparing tasks of size 35 bytes and 29 bytes has taken 0ms.
[2017-04-06 16:27:26] (thread id = 6) Full Trace: Starting to convert 3 text diffs to locators
[2017-04-06 16:27:26] (thread id = 6) Full Trace: Found 3 diffs in HTTP body
[2017-04-06 16:27:26] (thread id = 6) Full Trace: The comparer HP.LoadRunner.CorrelationFramework.HttpBodyComparer returned 3 diffs
[2017-04-06 16:27:26] (thread id = 6) Full Trace: WebCorrelationScanner.CompareMatchedTasks(12, 11)
[2017-04-06 16:27:26] (thread id = 6) Full Trace: Starting comparison with 4 comparers
[2017-04-06 16:27:26] (thread id = 6) Full Trace: Comparing headers for tasks: 12 and 11
[2017-04-06 16:27:26] (thread id = 6) Full Trace: Comparing 5 headers
[2017-04-06 16:27:26] (thread id = 6) Full Trace: Ignoring header "Server"
[2017-04-06 16:27:26] (thread id = 6) Full Trace: Ignoring header "Date"
[2017-04-06 16:27:26] (thread id = 6) Full Trace: Ignoring header "Content-type"
[2017-04-06 16:27:26] (thread id = 6) Full Trace: Ignoring header "Content-length"
[2017-04-06 16:27:26] (thread id = 6) Full Trace: Ignoring header "Last-modified"
[2017-04-06 16:27:26] (thread id = 6) Full Trace: Found 0 text diffs in headers
[2017-04-06 16:27:26] (thread id = 6) Full Trace: The comparer HP.LoadRunner.CorrelationFramework.HttpHeadersComparer returned 0 diffs
[2017-04-06 16:27:26] (thread id = 6) Full Trace: Comparing cookies for tasks: 12 and 11
[2017-04-06 16:27:26] (thread id = 6) Full Trace: The comparer HP.LoadRunner.CorrelationFramework.CookiesComparer returned 0 diffs
[2017-04-06 16:27:26] (thread id = 6) Full Trace: The comparer HP.LoadRunner.CorrelationFramework.IrrelevantDataNullComparer returned 0 diffs
[2017-04-06 16:27:26] (thread id = 6) Full Trace: Comparing HTTP body for tasks: 12 and 11
[2017-04-06 16:27:26] (thread id = 6) Full Trace: GetCommonFormat() found common format "Raw"
[2017-04-06 16:27:26] (thread id = 6) Full Trace: Ignoring content type "image/png"
[2017-04-06 16:27:26] (thread id = 6) Full Trace: The comparer HP.LoadRunner.CorrelationFramework.HttpBodyComparer returned 0 diffs
[2017-04-06 16:27:27] (thread id = 6) Full Trace: WebCorrelationScanner.CompareMatchedTasks(15, 14)
[2017-04-06 16:27:27] (thread id = 6) Full Trace: Starting comparison with 4 comparers
[2017-04-06 16:27:27] (thread id = 6) Full Trace: Comparing headers for tasks: 15 and 14
[2017-04-06 16:27:27] (thread id = 6) Full Trace: Comparing 5 headers
[2017-04-06 16:27:27] (thread id = 6) Full Trace: Ignoring header "Server"
[2017-04-06 16:27:27] (thread id = 6) Full Trace: Ignoring header "Date"
[2017-04-06 16:27:27] (thread id = 6) Full Trace: Ignoring header "Content-type"
[2017-04-06 16:27:27] (thread id = 6) Full Trace: Ignoring header "Content-length"
[2017-04-06 16:27:27] (thread id = 6) Full Trace: Ignoring header "Last-modified"
[2017-04-06 16:27:27] (thread id = 6) Full Trace: Found 0 text diffs in headers
[2017-04-06 16:27:27] (thread id = 6) Full Trace: The comparer HP.LoadRunner.CorrelationFramework.HttpHeadersComparer returned 0 diffs
[2017-04-06 16:27:27] (thread id = 6) Full Trace: Comparing cookies for tasks: 15 and 14
[2017-04-06 16:27:27] (thread id = 6) Full Trace: The comparer HP.LoadRunner.CorrelationFramework.CookiesComparer returned 0 diffs
[2017-04-06 16:27:27] (thread id = 6) Full Trace: The comparer HP.LoadRunner.CorrelationFramework.IrrelevantDataNullComparer returned 0 diffs
[2017-04-06 16:27:27] (thread id = 6) Full Trace: Comparing HTTP body for tasks: 15 and 14
[2017-04-06 16:27:27] (thread id = 6) Full Trace: GetCommonFormat() found common format "Raw"
[2017-04-06 16:27:27] (thread id = 6) Full Trace: Ignoring content type "application/x-javascript"
[2017-04-06 16:27:27] (thread id = 6) Full Trace: The comparer HP.LoadRunner.CorrelationFramework.HttpBodyComparer returned 0 diffs
[2017-04-06 16:27:27] (thread id = 6) Full Trace: WebCorrelationScanner.CompareMatchedTasks(16, 15)
[2017-04-06 16:27:27] (thread id = 6) Full Trace: Starting comparison with 4 comparers
[2017-04-06 16:27:27] (thread id = 6) Full Trace: Comparing headers for tasks: 16 and 15
[2017-04-06 16:27:27] (thread id = 6) Full Trace: Comparing 5 headers
[2017-04-06 16:27:27] (thread id = 6) Full Trace: Ignoring header "Server"
[2017-04-06 16:27:27] (thread id = 6) Full Trace: Ignoring header "Date"
[2017-04-06 16:27:27] (thread id = 6) Full Trace: Ignoring header "Content-type"
[2017-04-06 16:27:27] (thread id = 6) Full Trace: Ignoring header "Content-length"
[2017-04-06 16:27:27] (thread id = 6) Full Trace: Ignoring header "Last-modified"
[2017-04-06 16:27:27] (thread id = 6) Full Trace: Found 0 text diffs in headers
[2017-04-06 16:27:27] (thread id = 6) Full Trace: The comparer HP.LoadRunner.CorrelationFramework.HttpHeadersComparer returned 0 diffs
[2017-04-06 16:27:27] (thread id = 6) Full Trace: Comparing cookies for tasks: 16 and 15
[2017-04-06 16:27:27] (thread id = 6) Full Trace: The comparer HP.LoadRunner.CorrelationFramework.CookiesComparer returned 0 diffs
[2017-04-06 16:27:27] (thread id = 6) Full Trace: The comparer HP.LoadRunner.CorrelationFramework.IrrelevantDataNullComparer returned 0 diffs
[2017-04-06 16:27:27] (thread id = 6) Full Trace: Comparing HTTP body for tasks: 16 and 15
[2017-04-06 16:27:27] (thread id = 6) Full Trace: GetCommonFormat() found common format "Raw"
[2017-04-06 16:27:27] (thread id = 6) Full Trace: Ignoring content type "image/gif"
[2017-04-06 16:27:27] (thread id = 6) Full Trace: The comparer HP.LoadRunner.CorrelationFramework.HttpBodyComparer returned 0 diffs
[2017-04-06 16:27:28] (thread id = 6) Full Trace: WebCorrelationScanner.CompareMatchedTasks(21, 4)
[2017-04-06 16:27:28] (thread id = 6) Full Trace: Starting comparison with 4 comparers
[2017-04-06 16:27:28] (thread id = 6) Full Trace: Comparing headers for tasks: 21 and 4
[2017-04-06 16:27:28] (thread id = 6) Full Trace: Comparing 11 headers
[2017-04-06 16:27:28] (thread id = 6) Full Trace: Ignoring header "Server"
[2017-04-06 16:27:28] (thread id = 6) Full Trace: GetCommonFormat() found common format "Raw"
[2017-04-06 16:27:28] (thread id = 6) Full Trace: Comparing header "Connection" in format "Raw"
[2017-04-06 16:27:28] (thread id = 6) Full Trace: Comparing values "keep-alive" and "keep-alive" as text
[2017-04-06 16:27:28] (thread id = 6) Full Trace: Starting to convert 0 text diffs to locators
[2017-04-06 16:27:28] (thread id = 6) Full Trace: Ignoring header "Date"
[2017-04-06 16:27:28] (thread id = 6) Full Trace: Ignoring header "Cache-Control"
[2017-04-06 16:27:28] (thread id = 6) Full Trace: Ignoring header "Expires"
[2017-04-06 16:27:28] (thread id = 6) Full Trace: Ignoring header "Last-Modified"
[2017-04-06 16:27:28] (thread id = 6) Full Trace: Ignoring header "Content-Type"
[2017-04-06 16:27:28] (thread id = 6) Full Trace: Ignoring header "Content-Length"
[2017-04-06 16:27:28] (thread id = 6) Full Trace: Ignoring header "Content-Encoding"
[2017-04-06 16:27:28] (thread id = 6) Full Trace: GetCommonFormat() found common format "Raw"
[2017-04-06 16:27:28] (thread id = 6) Full Trace: Comparing header "X-NWS-LOG-UUID" in format "Raw"
[2017-04-06 16:27:28] (thread id = 6) Full Trace: Comparing values "375ebe34-bd9e-4f57-b47d-bf2d21bc0172" and "d3134aab-1f99-4a5d-9703-52959a3a71c2" as text
[2017-04-06 16:27:28] (thread id = 6) Full Trace: Comparing tasks of size 35 bytes and 35 bytes has taken 0ms.
[2017-04-06 16:27:28] (thread id = 6) Full Trace: Starting to convert 1 text diffs to locators
[2017-04-06 16:27:28] (thread id = 6) Full Trace: GetCommonFormat() found common format "Raw"
[2017-04-06 16:27:28] (thread id = 6) Full Trace: Comparing header "X-Cache-Lookup" in format "Raw"
[2017-04-06 16:27:28] (thread id = 6) Full Trace: Comparing values "Hit From Disktank Gz" and "Hit From Disktank Gz" as text
[2017-04-06 16:27:28] (thread id = 6) Full Trace: Starting to convert 0 text diffs to locators
[2017-04-06 16:27:28] (thread id = 6) Full Trace: Found 1 text diffs in headers
[2017-04-06 16:27:28] (thread id = 6) Full Trace: The comparer HP.LoadRunner.CorrelationFramework.HttpHeadersComparer returned 1 diffs
[2017-04-06 16:27:28] (thread id = 6) Full Trace: Comparing cookies for tasks: 21 and 4
[2017-04-06 16:27:28] (thread id = 6) Full Trace: The comparer HP.LoadRunner.CorrelationFramework.CookiesComparer returned 0 diffs
[2017-04-06 16:27:28] (thread id = 6) Full Trace: The comparer HP.LoadRunner.CorrelationFramework.IrrelevantDataNullComparer returned 0 diffs
[2017-04-06 16:27:28] (thread id = 6) Full Trace: Comparing HTTP body for tasks: 21 and 4
[2017-04-06 16:27:28] (thread id = 6) Full Trace: GetCommonFormat() found common format "Raw"
[2017-04-06 16:27:28] (thread id = 6) Full Trace: Ignoring content type "application/x-javascript"
[2017-04-06 16:27:28] (thread id = 6) Full Trace: The comparer HP.LoadRunner.CorrelationFramework.HttpBodyComparer returned 0 diffs
[2017-04-06 16:27:29] (thread id = 6) Full Trace: WebCorrelationScanner.CompareMatchedTasks(24, 5)
[2017-04-06 16:27:29] (thread id = 6) Full Trace: Starting comparison with 4 comparers
[2017-04-06 16:27:29] (thread id = 6) Full Trace: Comparing headers for tasks: 24 and 5
[2017-04-06 16:27:29] (thread id = 6) Full Trace: Comparing 11 headers
[2017-04-06 16:27:29] (thread id = 6) Full Trace: Ignoring header "Server"
[2017-04-06 16:27:29] (thread id = 6) Full Trace: GetCommonFormat() found common format "Raw"
[2017-04-06 16:27:29] (thread id = 6) Full Trace: Comparing header "Connection" in format "Raw"
[2017-04-06 16:27:29] (thread id = 6) Full Trace: Comparing values "keep-alive" and "keep-alive" as text
[2017-04-06 16:27:29] (thread id = 6) Full Trace: Starting to convert 0 text diffs to locators
[2017-04-06 16:27:29] (thread id = 6) Full Trace: Ignoring header "Date"
[2017-04-06 16:27:29] (thread id = 6) Full Trace: Ignoring header "Cache-Control"
[2017-04-06 16:27:29] (thread id = 6) Full Trace: Ignoring header "Expires"
[2017-04-06 16:27:29] (thread id = 6) Full Trace: Ignoring header "Last-Modified"
[2017-04-06 16:27:29] (thread id = 6) Full Trace: Ignoring header "Content-Type"
[2017-04-06 16:27:29] (thread id = 6) Full Trace: Ignoring header "Content-Length"
[2017-04-06 16:27:29] (thread id = 6) Full Trace: Ignoring header "Content-Encoding"
[2017-04-06 16:27:29] (thread id = 6) Full Trace: GetCommonFormat() found common format "Raw"
[2017-04-06 16:27:29] (thread id = 6) Full Trace: Comparing header "X-NWS-LOG-UUID" in format "Raw"
[2017-04-06 16:27:29] (thread id = 6) Full Trace: Comparing values "6fca649e-76d8-4ea1-8831-ca728d8d371b" and "7680b1d0-4fbe-4bd7-8ad0-2f2f24db6f4d" as text
[2017-04-06 16:27:29] (thread id = 6) Full Trace: Comparing tasks of size 36 bytes and 36 bytes has taken 0ms.
[2017-04-06 16:27:29] (thread id = 6) Full Trace: Starting to convert 1 text diffs to locators
[2017-04-06 16:27:29] (thread id = 6) Full Trace: GetCommonFormat() found common format "Raw"
[2017-04-06 16:27:29] (thread id = 6) Full Trace: Comparing header "X-Cache-Lookup" in format "Raw"
[2017-04-06 16:27:29] (thread id = 6) Full Trace: Comparing values "Hit From Disktank Gz" and "Hit From Disktank Gz" as text
[2017-04-06 16:27:29] (thread id = 6) Full Trace: Starting to convert 0 text diffs to locators
[2017-04-06 16:27:29] (thread id = 6) Full Trace: Found 1 text diffs in headers
[2017-04-06 16:27:29] (thread id = 6) Full Trace: The comparer HP.LoadRunner.CorrelationFramework.HttpHeadersComparer returned 1 diffs
[2017-04-06 16:27:29] (thread id = 6) Full Trace: Comparing cookies for tasks: 24 and 5
[2017-04-06 16:27:29] (thread id = 6) Full Trace: The comparer HP.LoadRunner.CorrelationFramework.CookiesComparer returned 0 diffs
[2017-04-06 16:27:29] (thread id = 6) Full Trace: The comparer HP.LoadRunner.CorrelationFramework.IrrelevantDataNullComparer returned 0 diffs
[2017-04-06 16:27:29] (thread id = 6) Full Trace: Comparing HTTP body for tasks: 24 and 5
[2017-04-06 16:27:29] (thread id = 6) Full Trace: GetCommonFormat() found common format "Raw"
[2017-04-06 16:27:29] (thread id = 6) Full Trace: Ignoring content type "application/x-javascript"
[2017-04-06 16:27:29] (thread id = 6) Full Trace: The comparer HP.LoadRunner.CorrelationFramework.HttpBodyComparer returned 0 diffs
[2017-04-06 16:27:29] (thread id = 6) Full Trace: WebCorrelationScanner.CompareMatchedTasks(25, 6)
[2017-04-06 16:27:29] (thread id = 6) Full Trace: Starting comparison with 4 comparers
[2017-04-06 16:27:29] (thread id = 6) Full Trace: Comparing headers for tasks: 25 and 6
[2017-04-06 16:27:29] (thread id = 6) Full Trace: Comparing 11 headers
[2017-04-06 16:27:29] (thread id = 6) Full Trace: Ignoring header "Server"
[2017-04-06 16:27:29] (thread id = 6) Full Trace: GetCommonFormat() found common format "Raw"
[2017-04-06 16:27:29] (thread id = 6) Full Trace: Comparing header "Connection" in format "Raw"
[2017-04-06 16:27:29] (thread id = 6) Full Trace: Comparing values "keep-alive" and "keep-alive" as text
[2017-04-06 16:27:29] (thread id = 6) Full Trace: Starting to convert 0 text diffs to locators
[2017-04-06 16:27:29] (thread id = 6) Full Trace: Ignoring header "Date"
[2017-04-06 16:27:29] (thread id = 6) Full Trace: Ignoring header "Cache-Control"
[2017-04-06 16:27:29] (thread id = 6) Full Trace: Ignoring header "Expires"
[2017-04-06 16:27:29] (thread id = 6) Full Trace: Ignoring header "Last-Modified"
[2017-04-06 16:27:29] (thread id = 6) Full Trace: Ignoring header "Content-Type"
[2017-04-06 16:27:29] (thread id = 6) Full Trace: Ignoring header "Content-Length"
[2017-04-06 16:27:29] (thread id = 6) Full Trace: Ignoring header "Content-Encoding"
[2017-04-06 16:27:29] (thread id = 6) Full Trace: GetCommonFormat() found common format "Raw"
[2017-04-06 16:27:29] (thread id = 6) Full Trace: Comparing header "X-NWS-LOG-UUID" in format "Raw"
[2017-04-06 16:27:29] (thread id = 6) Full Trace: Comparing values "050164d9-c547-4a5e-9190-418e03687d32" and "7e86ae30-8c6c-4ffa-9f3e-39be4f75f995" as text
[2017-04-06 16:27:29] (thread id = 6) Full Trace: Comparing tasks of size 36 bytes and 36 bytes has taken 0ms.
[2017-04-06 16:27:29] (thread id = 6) Full Trace: Starting to convert 1 text diffs to locators
[2017-04-06 16:27:29] (thread id = 6) Full Trace: GetCommonFormat() found common format "Raw"
[2017-04-06 16:27:29] (thread id = 6) Full Trace: Comparing header "X-Cache-Lookup" in format "Raw"
[2017-04-06 16:27:29] (thread id = 6) Full Trace: Comparing values "Hit From Disktank Gz" and "Hit From Disktank Gz" as text
[2017-04-06 16:27:29] (thread id = 6) Full Trace: Starting to convert 0 text diffs to locators
[2017-04-06 16:27:29] (thread id = 6) Full Trace: Found 1 text diffs in headers
[2017-04-06 16:27:29] (thread id = 6) Full Trace: The comparer HP.LoadRunner.CorrelationFramework.HttpHeadersComparer returned 1 diffs
[2017-04-06 16:27:29] (thread id = 6) Full Trace: Comparing cookies for tasks: 25 and 6
[2017-04-06 16:27:29] (thread id = 6) Full Trace: The comparer HP.LoadRunner.CorrelationFramework.CookiesComparer returned 0 diffs
[2017-04-06 16:27:29] (thread id = 6) Full Trace: The comparer HP.LoadRunner.CorrelationFramework.IrrelevantDataNullComparer returned 0 diffs
[2017-04-06 16:27:29] (thread id = 6) Full Trace: Comparing HTTP body for tasks: 25 and 6
[2017-04-06 16:27:29] (thread id = 6) Full Trace: GetCommonFormat() found common format "Raw"
[2017-04-06 16:27:29] (thread id = 6) Full Trace: Ignoring content type "application/x-javascript"
[2017-04-06 16:27:29] (thread id = 6) Full Trace: The comparer HP.LoadRunner.CorrelationFramework.HttpBodyComparer returned 0 diffs
[2017-04-06 16:27:30] (thread id = 6) Full Trace: WebCorrelationScanner.CompareMatchedTasks(30, 7)
[2017-04-06 16:27:30] (thread id = 6) Full Trace: Starting comparison with 4 comparers
[2017-04-06 16:27:30] (thread id = 6) Full Trace: Comparing headers for tasks: 30 and 7
[2017-04-06 16:27:30] (thread id = 6) Full Trace: Comparing 7 headers
[2017-04-06 16:27:30] (thread id = 6) Full Trace: Ignoring header "Server"
[2017-04-06 16:27:30] (thread id = 6) Full Trace: Ignoring header "Date"
[2017-04-06 16:27:30] (thread id = 6) Full Trace: Ignoring header "Content-Type"
[2017-04-06 16:27:30] (thread id = 6) Full Trace: Ignoring header "Content-Length"
[2017-04-06 16:27:30] (thread id = 6) Full Trace: GetCommonFormat() found common format "Raw"
[2017-04-06 16:27:30] (thread id = 6) Full Trace: Comparing header "Connection" in format "Raw"
[2017-04-06 16:27:30] (thread id = 6) Full Trace: Comparing values "keep-alive" and "keep-alive" as text
[2017-04-06 16:27:30] (thread id = 6) Full Trace: Starting to convert 0 text diffs to locators
[2017-04-06 16:27:30] (thread id = 6) Full Trace: Ignoring header "Cache-Control"
[2017-04-06 16:27:30] (thread id = 6) Full Trace: Ignoring header "Pragma"
[2017-04-06 16:27:30] (thread id = 6) Full Trace: Found 0 text diffs in headers
[2017-04-06 16:27:30] (thread id = 6) Full Trace: The comparer HP.LoadRunner.CorrelationFramework.HttpHeadersComparer returned 0 diffs
[2017-04-06 16:27:30] (thread id = 6) Full Trace: Comparing cookies for tasks: 30 and 7
[2017-04-06 16:27:30] (thread id = 6) Full Trace: The comparer HP.LoadRunner.CorrelationFramework.CookiesComparer returned 0 diffs
[2017-04-06 16:27:30] (thread id = 6) Full Trace: The comparer HP.LoadRunner.CorrelationFramework.IrrelevantDataNullComparer returned 0 diffs
[2017-04-06 16:27:30] (thread id = 6) Full Trace: Comparing HTTP body for tasks: 30 and 7
[2017-04-06 16:27:30] (thread id = 6) Full Trace: no HTTP body to compare
[2017-04-06 16:27:30] (thread id = 6) Full Trace: The comparer HP.LoadRunner.CorrelationFramework.HttpBodyComparer returned 0 diffs
[2017-04-06 16:27:30] (thread id = 6) Full Trace: WebCorrelationScanner.CompareMatchedTasks(31, 8)
[2017-04-06 16:27:30] (thread id = 6) Full Trace: Starting comparison with 4 comparers
[2017-04-06 16:27:30] (thread id = 6) Full Trace: Comparing headers for tasks: 31 and 8
[2017-04-06 16:27:30] (thread id = 6) Full Trace: Comparing 11 headers
[2017-04-06 16:27:30] (thread id = 6) Full Trace: Ignoring header "Server"
[2017-04-06 16:27:30] (thread id = 6) Full Trace: GetCommonFormat() found common format "Raw"
[2017-04-06 16:27:30] (thread id = 6) Full Trace: Comparing header "Connection" in format "Raw"
[2017-04-06 16:27:30] (thread id = 6) Full Trace: Comparing values "keep-alive" and "keep-alive" as text
[2017-04-06 16:27:30] (thread id = 6) Full Trace: Starting to convert 0 text diffs to locators
[2017-04-06 16:27:30] (thread id = 6) Full Trace: Ignoring header "Date"
[2017-04-06 16:27:30] (thread id = 6) Full Trace: Ignoring header "Cache-Control"
[2017-04-06 16:27:30] (thread id = 6) Full Trace: Ignoring header "Expires"
[2017-04-06 16:27:30] (thread id = 6) Full Trace: Ignoring header "Last-Modified"
[2017-04-06 16:27:30] (thread id = 6) Full Trace: Ignoring header "Content-Type"
[2017-04-06 16:27:30] (thread id = 6) Full Trace: Ignoring header "Content-Length"
[2017-04-06 16:27:30] (thread id = 6) Full Trace: Ignoring header "Content-Encoding"
[2017-04-06 16:27:30] (thread id = 6) Full Trace: GetCommonFormat() found common format "Raw"
[2017-04-06 16:27:30] (thread id = 6) Full Trace: Comparing header "X-NWS-LOG-UUID" in format "Raw"
[2017-04-06 16:27:30] (thread id = 6) Full Trace: Comparing values "25296397-bbd1-4889-8358-1fca380d4195" and "059ce9bb-d588-46c0-ad8d-60bcdc904c25" as text
[2017-04-06 16:27:30] (thread id = 6) Full Trace: Comparing tasks of size 35 bytes and 35 bytes has taken 0ms.
[2017-04-06 16:27:30] (thread id = 6) Full Trace: Starting to convert 1 text diffs to locators
[2017-04-06 16:27:31] (thread id = 6) Full Trace: GetCommonFormat() found common format "Raw"
[2017-04-06 16:27:31] (thread id = 6) Full Trace: Comparing header "X-Cache-Lookup" in format "Raw"
[2017-04-06 16:27:31] (thread id = 6) Full Trace: Comparing values "Hit From Disktank Gz" and "Hit From Disktank Gz" as text
[2017-04-06 16:27:31] (thread id = 6) Full Trace: Starting to convert 0 text diffs to locators
[2017-04-06 16:27:31] (thread id = 6) Full Trace: Found 1 text diffs in headers
[2017-04-06 16:27:31] (thread id = 6) Full Trace: The comparer HP.LoadRunner.CorrelationFramework.HttpHeadersComparer returned 1 diffs
[2017-04-06 16:27:31] (thread id = 6) Full Trace: Comparing cookies for tasks: 31 and 8
[2017-04-06 16:27:31] (thread id = 6) Full Trace: The comparer HP.LoadRunner.CorrelationFramework.CookiesComparer returned 0 diffs
[2017-04-06 16:27:31] (thread id = 6) Full Trace: The comparer HP.LoadRunner.CorrelationFramework.IrrelevantDataNullComparer returned 0 diffs
[2017-04-06 16:27:31] (thread id = 6) Full Trace: Comparing HTTP body for tasks: 31 and 8
[2017-04-06 16:27:31] (thread id = 6) Full Trace: GetCommonFormat() found common format "Raw"
[2017-04-06 16:27:31] (thread id = 6) Full Trace: Ignoring content type "application/x-javascript"
[2017-04-06 16:27:31] (thread id = 6) Full Trace: The comparer HP.LoadRunner.CorrelationFramework.HttpBodyComparer returned 0 diffs
[2017-04-06 16:27:31] (thread id = 6) Full Trace: WebCorrelationScanner.CompareMatchedTasks(32, 9)
[2017-04-06 16:27:31] (thread id = 6) Full Trace: Starting comparison with 4 comparers
[2017-04-06 16:27:31] (thread id = 6) Full Trace: Comparing headers for tasks: 32 and 9
[2017-04-06 16:27:31] (thread id = 6) Full Trace: Comparing 11 headers
[2017-04-06 16:27:31] (thread id = 6) Full Trace: Ignoring header "Server"
[2017-04-06 16:27:31] (thread id = 6) Full Trace: GetCommonFormat() found common format "Raw"
[2017-04-06 16:27:31] (thread id = 6) Full Trace: Comparing header "Connection" in format "Raw"
[2017-04-06 16:27:31] (thread id = 6) Full Trace: Comparing values "keep-alive" and "keep-alive" as text
[2017-04-06 16:27:31] (thread id = 6) Full Trace: Starting to convert 0 text diffs to locators
[2017-04-06 16:27:31] (thread id = 6) Full Trace: Ignoring header "Date"
[2017-04-06 16:27:31] (thread id = 6) Full Trace: Ignoring header "Cache-Control"
[2017-04-06 16:27:31] (thread id = 6) Full Trace: Ignoring header "Expires"
[2017-04-06 16:27:31] (thread id = 6) Full Trace: Ignoring header "Last-Modified"
[2017-04-06 16:27:31] (thread id = 6) Full Trace: Ignoring header "Content-Type"
[2017-04-06 16:27:31] (thread id = 6) Full Trace: Ignoring header "Content-Length"
[2017-04-06 16:27:31] (thread id = 6) Full Trace: Ignoring header "Content-Encoding"
[2017-04-06 16:27:31] (thread id = 6) Full Trace: GetCommonFormat() found common format "Raw"
[2017-04-06 16:27:31] (thread id = 6) Full Trace: Comparing header "X-NWS-LOG-UUID" in format "Raw"
[2017-04-06 16:27:31] (thread id = 6) Full Trace: Comparing values "9d59d6ab-b8ae-40e0-b03e-e8cd51e9697d" and "24135935-2a26-49bf-9502-62ebbf2a71e9" as text
[2017-04-06 16:27:31] (thread id = 6) Full Trace: Comparing tasks of size 36 bytes and 36 bytes has taken 0ms.
[2017-04-06 16:27:31] (thread id = 6) Full Trace: Starting to convert 1 text diffs to locators
[2017-04-06 16:27:31] (thread id = 6) Full Trace: GetCommonFormat() found common format "Raw"
[2017-04-06 16:27:31] (thread id = 6) Full Trace: Comparing header "X-Cache-Lookup" in format "Raw"
[2017-04-06 16:27:31] (thread id = 6) Full Trace: Comparing values "Hit From Disktank Gz" and "Hit From Disktank Gz" as text
[2017-04-06 16:27:31] (thread id = 6) Full Trace: Starting to convert 0 text diffs to locators
[2017-04-06 16:27:31] (thread id = 6) Full Trace: Found 1 text diffs in headers
[2017-04-06 16:27:31] (thread id = 6) Full Trace: The comparer HP.LoadRunner.CorrelationFramework.HttpHeadersComparer returned 1 diffs
[2017-04-06 16:27:31] (thread id = 6) Full Trace: Comparing cookies for tasks: 32 and 9
[2017-04-06 16:27:31] (thread id = 6) Full Trace: The comparer HP.LoadRunner.CorrelationFramework.CookiesComparer returned 0 diffs
[2017-04-06 16:27:31] (thread id = 6) Full Trace: The comparer HP.LoadRunner.CorrelationFramework.IrrelevantDataNullComparer returned 0 diffs
[2017-04-06 16:27:31] (thread id = 6) Full Trace: Comparing HTTP body for tasks: 32 and 9
[2017-04-06 16:27:31] (thread id = 6) Full Trace: GetCommonFormat() found common format "Raw"
[2017-04-06 16:27:31] (thread id = 6) Full Trace: Ignoring content type "application/x-javascript"
[2017-04-06 16:27:31] (thread id = 6) Full Trace: The comparer HP.LoadRunner.CorrelationFramework.HttpBodyComparer returned 0 diffs
[2017-04-06 16:27:32] (thread id = 1) Notify: Applying Post Filters succeeded.
