[2017-04-05 08:56:38] Full Trace: CorrelationFramework has initialized log functionality successfully.
[2017-04-05 08:56:38] Full Trace: WebCorrelationScanner initialized
[2017-04-05 08:56:38] Full Trace: CorrelationFramework has initialized Snapshot Scanners successfully.
[2017-04-05 08:56:38] Full Trace: CorrelationFramework has initialized Post Filters Manager successfully.
[2017-04-05 08:57:32] Full Trace: WebCorrelationScanner.ScanStepForCorrelation(C:\Users\Administrator\lr\jiaoben1\data\t1.inf, C:\Users\Administrator\lr\jiaoben1\result1\Iteration1\t1.inf)
[2017-04-05 08:57:33] Full Trace: WebCorrelationScanner.CompareMatchedTasks(4, 1)
[2017-04-05 08:57:33] Full Trace: Starting comparison with 4 comparers
[2017-04-05 08:57:33] Full Trace: Comparing headers for tasks: 4 and 1
[2017-04-05 08:57:33] Full Trace: Comparing 5 headers
[2017-04-05 08:57:33] Full Trace: Ignoring header "Server"
[2017-04-05 08:57:33] Full Trace: Ignoring header "Date"
[2017-04-05 08:57:33] Full Trace: Ignoring header "Content-type"
[2017-04-05 08:57:33] Full Trace: Ignoring header "Content-length"
[2017-04-05 08:57:33] Full Trace: Ignoring header "Last-modified"
[2017-04-05 08:57:33] Full Trace: Found 0 text diffs in headers
[2017-04-05 08:57:33] Full Trace: The comparer HP.LoadRunner.CorrelationFramework.HttpHeadersComparer returned 0 diffs
[2017-04-05 08:57:33] Full Trace: Comparing cookies for tasks: 4 and 1
[2017-04-05 08:57:33] Full Trace: The comparer HP.LoadRunner.CorrelationFramework.CookiesComparer returned 0 diffs
[2017-04-05 08:57:33] Full Trace: The comparer HP.LoadRunner.CorrelationFramework.IrrelevantDataNullComparer returned 0 diffs
[2017-04-05 08:57:33] Full Trace: Comparing HTTP body for tasks: 4 and 1
[2017-04-05 08:57:33] Full Trace: GetCommonFormat() found common format "Raw"
[2017-04-05 08:57:33] Full Trace: Comparing HTTP body in format "Raw" as text
[2017-04-05 08:57:33] Full Trace: Starting to convert 0 text diffs to locators
[2017-04-05 08:57:33] Full Trace: Found 0 diffs in HTTP body
[2017-04-05 08:57:33] Full Trace: The comparer HP.LoadRunner.CorrelationFramework.HttpBodyComparer returned 0 diffs
[2017-04-05 08:57:33] Full Trace: WebCorrelationScanner.CompareMatchedTasks(5, 2)
[2017-04-05 08:57:33] Full Trace: Starting comparison with 4 comparers
[2017-04-05 08:57:33] Full Trace: Comparing headers for tasks: 5 and 2
[2017-04-05 08:57:33] Full Trace: Comparing 5 headers
[2017-04-05 08:57:33] Full Trace: Ignoring header "Server"
[2017-04-05 08:57:33] Full Trace: Ignoring header "Date"
[2017-04-05 08:57:33] Full Trace: Ignoring header "Content-type"
[2017-04-05 08:57:33] Full Trace: Ignoring header "Content-length"
[2017-04-05 08:57:33] Full Trace: Ignoring header "Last-modified"
[2017-04-05 08:57:33] Full Trace: Found 0 text diffs in headers
[2017-04-05 08:57:33] Full Trace: The comparer HP.LoadRunner.CorrelationFramework.HttpHeadersComparer returned 0 diffs
[2017-04-05 08:57:33] Full Trace: Comparing cookies for tasks: 5 and 2
[2017-04-05 08:57:33] Full Trace: The comparer HP.LoadRunner.CorrelationFramework.CookiesComparer returned 0 diffs
[2017-04-05 08:57:33] Full Trace: The comparer HP.LoadRunner.CorrelationFramework.IrrelevantDataNullComparer returned 0 diffs
[2017-04-05 08:57:33] Full Trace: Comparing HTTP body for tasks: 5 and 2
[2017-04-05 08:57:33] Full Trace: GetCommonFormat() found common format "Raw"
[2017-04-05 08:57:33] Full Trace: Comparing HTTP body in format "Raw" as text
[2017-04-05 08:57:33] Full Trace: Starting to convert 0 text diffs to locators
[2017-04-05 08:57:33] Full Trace: Found 0 diffs in HTTP body
[2017-04-05 08:57:33] Full Trace: The comparer HP.LoadRunner.CorrelationFramework.HttpBodyComparer returned 0 diffs
[2017-04-05 08:57:33] Full Trace: WebCorrelationScanner.CompareMatchedTasks(6, 10)
[2017-04-05 08:57:33] Full Trace: Starting comparison with 4 comparers
[2017-04-05 08:57:33] Full Trace: Comparing headers for tasks: 6 and 10
[2017-04-05 08:57:33] Full Trace: Comparing 5 headers
[2017-04-05 08:57:33] Full Trace: Ignoring header "Server"
[2017-04-05 08:57:33] Full Trace: Ignoring header "Date"
[2017-04-05 08:57:33] Full Trace: Ignoring header "Content-type"
[2017-04-05 08:57:33] Full Trace: Ignoring header "Content-length"
[2017-04-05 08:57:33] Full Trace: Ignoring header "Last-modified"
[2017-04-05 08:57:33] Full Trace: Found 0 text diffs in headers
[2017-04-05 08:57:33] Full Trace: The comparer HP.LoadRunner.CorrelationFramework.HttpHeadersComparer returned 0 diffs
[2017-04-05 08:57:33] Full Trace: Comparing cookies for tasks: 6 and 10
[2017-04-05 08:57:33] Full Trace: The comparer HP.LoadRunner.CorrelationFramework.CookiesComparer returned 0 diffs
[2017-04-05 08:57:33] Full Trace: The comparer HP.LoadRunner.CorrelationFramework.IrrelevantDataNullComparer returned 0 diffs
[2017-04-05 08:57:33] Full Trace: Comparing HTTP body for tasks: 6 and 10
[2017-04-05 08:57:33] Full Trace: GetCommonFormat() found common format "Raw"
[2017-04-05 08:57:33] Full Trace: Ignoring content type "image/png"
[2017-04-05 08:57:33] Full Trace: The comparer HP.LoadRunner.CorrelationFramework.HttpBodyComparer returned 0 diffs
[2017-04-05 08:57:33] Full Trace: WebCorrelationScanner.CompareMatchedTasks(11, 11)
[2017-04-05 08:57:33] Full Trace: Starting comparison with 4 comparers
[2017-04-05 08:57:33] Full Trace: Comparing headers for tasks: 11 and 11
[2017-04-05 08:57:33] Full Trace: Comparing 5 headers
[2017-04-05 08:57:33] Full Trace: Ignoring header "Server"
[2017-04-05 08:57:33] Full Trace: Ignoring header "Date"
[2017-04-05 08:57:33] Full Trace: Ignoring header "Content-type"
[2017-04-05 08:57:33] Full Trace: Ignoring header "Content-length"
[2017-04-05 08:57:33] Full Trace: Ignoring header "Last-modified"
[2017-04-05 08:57:33] Full Trace: Found 0 text diffs in headers
[2017-04-05 08:57:33] Full Trace: The comparer HP.LoadRunner.CorrelationFramework.HttpHeadersComparer returned 0 diffs
[2017-04-05 08:57:33] Full Trace: Comparing cookies for tasks: 11 and 11
[2017-04-05 08:57:33] Full Trace: The comparer HP.LoadRunner.CorrelationFramework.CookiesComparer returned 0 diffs
[2017-04-05 08:57:33] Full Trace: The comparer HP.LoadRunner.CorrelationFramework.IrrelevantDataNullComparer returned 0 diffs
[2017-04-05 08:57:33] Full Trace: Comparing HTTP body for tasks: 11 and 11
[2017-04-05 08:57:33] Full Trace: GetCommonFormat() found common format "Raw"
[2017-04-05 08:57:33] Full Trace: Ignoring content type "image/png"
[2017-04-05 08:57:33] Full Trace: The comparer HP.LoadRunner.CorrelationFramework.HttpBodyComparer returned 0 diffs
[2017-04-05 08:57:33] Full Trace: WebCorrelationScanner.CompareMatchedTasks(12, 3)
[2017-04-05 08:57:33] Full Trace: Starting comparison with 4 comparers
[2017-04-05 08:57:33] Full Trace: Comparing headers for tasks: 12 and 3
[2017-04-05 08:57:33] Full Trace: Comparing 7 headers
[2017-04-05 08:57:33] Full Trace: Ignoring header "Server"
[2017-04-05 08:57:33] Full Trace: Ignoring header "Date"
[2017-04-05 08:57:33] Full Trace: Ignoring header "Cache-control"
[2017-04-05 08:57:33] Full Trace: Ignoring header "Expires"
[2017-04-05 08:57:33] Full Trace: Ignoring header "Content-length"
[2017-04-05 08:57:33] Full Trace: Ignoring header "Content-type"
[2017-04-05 08:57:33] Full Trace: Ignoring header "Set-cookie"
[2017-04-05 08:57:33] Full Trace: Found 0 text diffs in headers
[2017-04-05 08:57:33] Full Trace: The comparer HP.LoadRunner.CorrelationFramework.HttpHeadersComparer returned 0 diffs
[2017-04-05 08:57:33] Full Trace: Comparing cookies for tasks: 12 and 3
[2017-04-05 08:57:33] Full Trace: The comparer HP.LoadRunner.CorrelationFramework.CookiesComparer returned 0 diffs
[2017-04-05 08:57:33] Full Trace: The comparer HP.LoadRunner.CorrelationFramework.IrrelevantDataNullComparer returned 0 diffs
[2017-04-05 08:57:33] Full Trace: Comparing HTTP body for tasks: 12 and 3
[2017-04-05 08:57:33] Full Trace: GetCommonFormat() found common format "Raw"
[2017-04-05 08:57:33] Full Trace: Comparing HTTP body in format "Raw" as text
[2017-04-05 08:57:33] Full Trace: Starting to convert 0 text diffs to locators
[2017-04-05 08:57:33] Full Trace: Found 0 diffs in HTTP body
[2017-04-05 08:57:33] Full Trace: The comparer HP.LoadRunner.CorrelationFramework.HttpBodyComparer returned 0 diffs
[2017-04-05 08:57:33] Full Trace: WebCorrelationScanner.CompareMatchedTasks(13, 13)
[2017-04-05 08:57:33] Full Trace: Starting comparison with 4 comparers
[2017-04-05 08:57:33] Full Trace: Comparing headers for tasks: 13 and 13
[2017-04-05 08:57:33] Full Trace: Comparing 5 headers
[2017-04-05 08:57:33] Full Trace: Ignoring header "Server"
[2017-04-05 08:57:33] Full Trace: Ignoring header "Date"
[2017-04-05 08:57:33] Full Trace: Ignoring header "Content-type"
[2017-04-05 08:57:33] Full Trace: Ignoring header "Content-length"
[2017-04-05 08:57:33] Full Trace: Ignoring header "Last-modified"
[2017-04-05 08:57:33] Full Trace: Found 0 text diffs in headers
[2017-04-05 08:57:33] Full Trace: The comparer HP.LoadRunner.CorrelationFramework.HttpHeadersComparer returned 0 diffs
[2017-04-05 08:57:33] Full Trace: Comparing cookies for tasks: 13 and 13
[2017-04-05 08:57:33] Full Trace: The comparer HP.LoadRunner.CorrelationFramework.CookiesComparer returned 0 diffs
[2017-04-05 08:57:33] Full Trace: The comparer HP.LoadRunner.CorrelationFramework.IrrelevantDataNullComparer returned 0 diffs
[2017-04-05 08:57:33] Full Trace: Comparing HTTP body for tasks: 13 and 13
[2017-04-05 08:57:33] Full Trace: GetCommonFormat() found common format "Raw"
[2017-04-05 08:57:33] Full Trace: Comparing HTTP body in format "Raw" as text
[2017-04-05 08:57:33] Full Trace: Starting to convert 0 text diffs to locators
[2017-04-05 08:57:33] Full Trace: Found 0 diffs in HTTP body
[2017-04-05 08:57:33] Full Trace: The comparer HP.LoadRunner.CorrelationFramework.HttpBodyComparer returned 0 diffs
[2017-04-05 08:57:33] Full Trace: WebCorrelationScanner.CompareMatchedTasks(14, 12)
[2017-04-05 08:57:33] Full Trace: Starting comparison with 4 comparers
[2017-04-05 08:57:33] Full Trace: Comparing headers for tasks: 14 and 12
[2017-04-05 08:57:33] Full Trace: Comparing 6 headers
[2017-04-05 08:57:33] Full Trace: Ignoring header "Server"
[2017-04-05 08:57:33] Full Trace: Ignoring header "Date"
[2017-04-05 08:57:33] Full Trace: Ignoring header "Cache-control"
[2017-04-05 08:57:33] Full Trace: Ignoring header "Expires"
[2017-04-05 08:57:33] Full Trace: Ignoring header "Content-length"
[2017-04-05 08:57:33] Full Trace: Ignoring header "Content-type"
[2017-04-05 08:57:33] Full Trace: Found 0 text diffs in headers
[2017-04-05 08:57:33] Full Trace: The comparer HP.LoadRunner.CorrelationFramework.HttpHeadersComparer returned 0 diffs
[2017-04-05 08:57:33] Full Trace: Comparing cookies for tasks: 14 and 12
[2017-04-05 08:57:33] Full Trace: The comparer HP.LoadRunner.CorrelationFramework.CookiesComparer returned 0 diffs
[2017-04-05 08:57:33] Full Trace: The comparer HP.LoadRunner.CorrelationFramework.IrrelevantDataNullComparer returned 0 diffs
[2017-04-05 08:57:33] Full Trace: Comparing HTTP body for tasks: 14 and 12
[2017-04-05 08:57:33] Full Trace: GetCommonFormat() found common format "Raw"
[2017-04-05 08:57:33] Full Trace: Comparing HTTP body in format "Raw" as text
[2017-04-05 08:57:33] Full Trace: Comparing tasks of size 360 bytes and 488 bytes has taken 0ms.
[2017-04-05 08:57:33] Full Trace: Starting to convert 3 text diffs to locators
[2017-04-05 08:57:33] Full Trace: Found 3 diffs in HTTP body
[2017-04-05 08:57:33] Full Trace: The comparer HP.LoadRunner.CorrelationFramework.HttpBodyComparer returned 3 diffs
[2017-04-05 08:57:33] Full Trace: WebCorrelationScanner.ScanStepForCorrelation(C:\Users\Administrator\lr\jiaoben1\data\t2.inf, C:\Users\Administrator\lr\jiaoben1\result1\Iteration1\t2.inf)
[2017-04-05 08:57:33] Full Trace: WebCorrelationScanner.ScanStepForCorrelation(C:\Users\Administrator\lr\jiaoben1\data\t3.inf, )
[2017-04-05 08:57:33] Warning: Record or Replay snapshot missing, cannot scan
[2017-04-05 08:57:33] Error: Correlation Framework failed scanning step 'Image: Search Flights Button' with 'WebCorrelationScanner' correlation scanner for correlations. Error Code: eCSEC_InternalError.
[2017-04-05 08:57:33] Full Trace: WebCorrelationScanner.ScanStepForCorrelation(C:\Users\Administrator\lr\jiaoben1\data\t4.inf, )
[2017-04-05 08:57:33] Warning: Record or Replay snapshot missing, cannot scan
[2017-04-05 08:57:33] Error: Correlation Framework failed scanning step 'Submit Form: reservations.pl' with 'WebCorrelationScanner' correlation scanner for correlations. Error Code: eCSEC_InternalError.
[2017-04-05 08:57:33] Full Trace: WebCorrelationScanner.ScanStepForCorrelation(C:\Users\Administrator\lr\jiaoben1\data\t5.inf, )
[2017-04-05 08:57:33] Warning: Record or Replay snapshot missing, cannot scan
[2017-04-05 08:57:33] Error: Correlation Framework failed scanning step 'Submit Form: reservations.pl_2' with 'WebCorrelationScanner' correlation scanner for correlations. Error Code: eCSEC_InternalError.
[2017-04-05 08:57:33] Full Trace: WebCorrelationScanner.ScanStepForCorrelation(C:\Users\Administrator\lr\jiaoben1\data\t6.inf, )
[2017-04-05 08:57:33] Warning: Record or Replay snapshot missing, cannot scan
[2017-04-05 08:57:33] Error: Correlation Framework failed scanning step 'Submit Form: reservations.pl_3' with 'WebCorrelationScanner' correlation scanner for correlations. Error Code: eCSEC_InternalError.
[2017-04-05 08:57:33] Full Trace: WebCorrelationScanner.ScanStepForCorrelation(C:\Users\Administrator\lr\jiaoben1\data\t7.inf, )
[2017-04-05 08:57:33] Warning: Record or Replay snapshot missing, cannot scan
[2017-04-05 08:57:33] Error: Correlation Framework failed scanning step 'Image: SignOff Button' with 'WebCorrelationScanner' correlation scanner for correlations. Error Code: eCSEC_InternalError.
[2017-04-05 08:57:33] Notify: Applying Post Filters succeeded.
